<?xml version="1.0" encoding="UTF-8"?>
<testsuite xmlns:xsi="http://www.w3.org/2001/XMLSchema-instance" xsi:noNamespaceSchemaLocation="https://maven.apache.org/surefire/maven-surefire-plugin/xsd/surefire-test-report.xsd" version="3.0.2" name="com.duoc.backend.BackendApplicationTests" time="6.747" tests="1" errors="1" skipped="0" failures="0">
  <properties>
[...]
</properties>
  <testcase name="contextLoads" classname="com.duoc.backend.BackendApplicationTests" time="0.01">
    <error message="Failed to load ApplicationContext for [WebMergedContextConfiguration@146b4c6c testClass = com.duoc.backend.BackendApplicationTests, locations = [], classes = [com.duoc.backend.BackendApplication], contextInitializerClasses = [], activeProfiles = [], propertySourceDescriptors = [], propertySourceProperties = [&quot;org.springframework.boot.test.context.SpringBootTestContextBootstrapper=true&quot;], contextCustomizers = [org.springframework.boot.test.context.PropertyMappingContextCustomizer@0, org.springframework.boot.test.context.filter.ExcludeFilterContextCustomizer@2bef51f2, org.springframework.boot.test.json.DuplicateJsonObjectContextCustomizerFactory$DuplicateJsonObjectContextCustomizer@5357c287, org.springframework.boot.test.autoconfigure.OnFailureConditionReportContextCustomizerFactory$OnFailureConditionReportContextCustomizer@485a3466, org.springframework.test.context.support.DynamicPropertiesContextCustomizer@0, org.springframework.boot.webmvc.test.autoconfigure.WebDriverContextCustomizer@4b3c354a, org.springframework.boot.web.server.context.SpringBootTestRandomPortContextCustomizer@21aa6d6c, org.springframework.boot.test.context.SpringBootTestAnnotation@608960c1], resourceBasePath = &quot;src/main/webapp&quot;, contextLoader = org.springframework.boot.test.context.SpringBootContextLoader, parent = null]" type="java.lang.IllegalStateException"><![CDATA[java.lang.IllegalStateException: Failed to load ApplicationContext for [WebMergedContextConfiguration@146b4c6c testClass = com.duoc.backend.BackendApplicationTests, locations = [], classes = [com.duoc.backend.BackendApplication], contextInitializerClasses = [], activeProfiles = [], propertySourceDescriptors = [], propertySourceProperties = ["org.springframework.boot.test.context.SpringBootTestContextBootstrapper=true"], contextCustomizers = [org.springframework.boot.test.context.PropertyMappingContextCustomizer@0, org.springframework.boot.test.context.filter.ExcludeFilterContextCustomizer@2bef51f2, org.springframework.boot.test.json.DuplicateJsonObjectContextCustomizerFactory$DuplicateJsonObjectContextCustomizer@5357c287, org.springframework.boot.test.autoconfigure.OnFailureConditionReportContextCustomizerFactory$OnFailureConditionReportContextCustomizer@485a3466, org.springframework.test.context.support.DynamicPropertiesContextCustomizer@0, org.springframework.boot.webmvc.test.autoconfigure.WebDriverContextCustomizer@4b3c354a, org.springframework.boot.web.server.context.SpringBootTestRandomPortContextCustomizer@21aa6d6c, org.springframework.boot.test.context.SpringBootTestAnnotation@608960c1], resourceBasePath = "src/main/webapp", contextLoader = org.springframework.boot.test.context.SpringBootContextLoader, parent = null]
	at org.springframework.test.context.cache.DefaultCacheAwareContextLoaderDelegate.lambda$loadContext$0(DefaultCacheAwareContextLoaderDelegate.java:195)
	at org.springframework.test.context.cache.DefaultContextCache.put(DefaultContextCache.java:214)
	at org.springframework.test.context.cache.DefaultCacheAwareContextLoaderDelegate.loadContext(DefaultCacheAwareContextLoaderDelegate.java:160)
	at org.springframework.test.context.support.DefaultTestContext.getApplicationContext(DefaultTestContext.java:128)
	at org.springframework.test.context.web.ServletTestExecutionListener.setUpRequestContextIfNecessary(ServletTestExecutionListener.java:200)
	at org.springframework.test.context.web.ServletTestExecutionListener.prepareTestInstance(ServletTestExecutionListener.java:139)
	at org.springframework.test.context.TestContextManager.prepareTestInstance(TestContextManager.java:260)
	at org.springframework.test.context.junit.jupiter.SpringExtension.postProcessTestInstance(SpringExtension.java:210)
	at java.base/java.util.stream.ForEachOps$ForEachOp$OfRef.accept(ForEachOps.java:186)
	at java.base/java.util.stream.ReferencePipeline$3$1.accept(ReferencePipeline.java:215)
	at java.base/java.util.stream.ReferencePipeline$2$1.accept(ReferencePipeline.java:197)
	at java.base/java.util.stream.ReferencePipeline$3$1.accept(ReferencePipeline.java:215)
	at java.base/java.util.ArrayList$ArrayListSpliterator.forEachRemaining(ArrayList.java:1716)
	at java.base/java.util.stream.AbstractPipeline.copyInto(AbstractPipeline.java:570)
	at java.base/java.util.stream.AbstractPipeline.wrapAndCopyInto(AbstractPipeline.java:560)
	at java.base/java.util.stream.ForEachOps$ForEachOp.evaluateSequential(ForEachOps.java:153)
	at java.base/java.util.stream.ForEachOps$ForEachOp$OfRef.evaluateSequential(ForEachOps.java:176)
	at java.base/java.util.stream.AbstractPipeline.evaluate(AbstractPipeline.java:265)
	at java.base/java.util.stream.ReferencePipeline.forEach(ReferencePipeline.java:636)
	at java.base/java.util.Optional.orElseGet(Optional.java:364)
	at java.base/java.util.ArrayList.forEach(ArrayList.java:1604)
	at java.base/java.util.ArrayList.forEach(ArrayList.java:1604)
Caused by: org.springframework.beans.factory.BeanCreationException: Error creating bean with name 'entityManagerFactory' defined in class path resource [org/springframework/boot/hibernate/autoconfigure/HibernateJpaConfiguration.class]: Unable to build Hibernate SessionFactory  [persistence unit: default] ; nested exception is org.hibernate.exception.AuthException: Unable to open JDBC Connection for DDL execution [Access denied for user 'myuser'@'localhost' (using password: YES)] [n/a]
	at org.springframework.beans.factory.support.AbstractAutowireCapableBeanFactory.initializeBean(AbstractAutowireCapableBeanFactory.java:1817)
	at org.springframework.beans.factory.support.AbstractAutowireCapableBeanFactory.doCreateBean(AbstractAutowireCapableBeanFactory.java:603)
	at org.springframework.beans.factory.support.AbstractAutowireCapableBeanFactory.createBean(AbstractAutowireCapableBeanFactory.java:525)
	at org.springframework.beans.factory.support.AbstractBeanFactory.lambda$doGetBean$0(AbstractBeanFactory.java:333)
	at org.springframework.beans.factory.support.DefaultSingletonBeanRegistry.getSingleton(DefaultSingletonBeanRegistry.java:371)
	at org.springframework.beans.factory.support.AbstractBeanFactory.doGetBean(AbstractBeanFactory.java:331)
	at org.springframework.beans.factory.support.AbstractBeanFactory.getBean(AbstractBeanFactory.java:201)
	at org.springframework.context.support.AbstractApplicationContext.finishBeanFactoryInitialization(AbstractApplicationContext.java:977)
	at org.springframework.context.support.AbstractApplicationContext.refresh(AbstractApplicationContext.java:621)
	at org.springframework.boot.SpringApplication.refresh(SpringApplication.java:756)
	at org.springframework.boot.SpringApplication.refreshContext(SpringApplication.java:445)
	at org.springframework.boot.SpringApplication.run(SpringApplication.java:321)
	at org.springframework.boot.test.context.SpringBootContextLoader.lambda$loadContext$2(SpringBootContextLoader.java:156)
	at org.springframework.util.function.ThrowingSupplier.get(ThrowingSupplier.java:58)
	at org.springframework.util.function.ThrowingSupplier.get(ThrowingSupplier.java:46)
	at org.springframework.boot.SpringApplication.withHook(SpringApplication.java:1465)
	at org.springframework.boot.test.context.SpringBootContextLoader$ContextLoaderHook.run(SpringBootContextLoader.java:605)
	at org.springframework.boot.test.context.SpringBootContextLoader.loadContext(SpringBootContextLoader.java:156)
	at org.springframework.boot.test.context.SpringBootContextLoader.loadContext(SpringBootContextLoader.java:115)
	at org.springframework.test.context.cache.DefaultCacheAwareContextLoaderDelegate.loadContextInternal(DefaultCacheAwareContextLoaderDelegate.java:247)
	at org.springframework.test.context.cache.DefaultCacheAwareContextLoaderDelegate.lambda$loadContext$0(DefaultCacheAwareContextLoaderDelegate.java:167)
	... 21 more
Caused by: jakarta.persistence.PersistenceException: Unable to build Hibernate SessionFactory  [persistence unit: default] ; nested exception is org.hibernate.exception.AuthException: Unable to open JDBC Connection for DDL execution [Access denied for user 'myuser'@'localhost' (using password: YES)] [n/a]
	at org.springframework.orm.jpa.AbstractEntityManagerFactoryBean.buildNativeEntityManagerFactory(AbstractEntityManagerFactoryBean.java:448)
	at org.springframework.orm.jpa.AbstractEntityManagerFactoryBean.afterPropertiesSet(AbstractEntityManagerFactoryBean.java:411)
	at org.springframework.orm.jpa.LocalContainerEntityManagerFactoryBean.afterPropertiesSet(LocalContainerEntityManagerFactoryBean.java:419)
	at org.springframework.beans.factory.support.AbstractAutowireCapableBeanFactory.invokeInitMethods(AbstractAutowireCapableBeanFactory.java:1864)
	at org.springframework.beans.factory.support.AbstractAutowireCapableBeanFactory.initializeBean(AbstractAutowireCapableBeanFactory.java:1813)
	... 41 more
Caused by: org.hibernate.exception.AuthException: Unable to open JDBC Connection for DDL execution [Access denied for user 'myuser'@'localhost' (using password: YES)] [n/a]
	at org.hibernate.exception.internal.SQLStateConversionDelegate.convert(SQLStateConversionDelegate.java:87)
	at org.hibernate.exception.internal.StandardSQLExceptionConverter.convert(StandardSQLExceptionConverter.java:34)
	at org.hibernate.engine.jdbc.spi.SqlExceptionHelper.convert(SqlExceptionHelper.java:115)
	at org.hibernate.engine.jdbc.spi.SqlExceptionHelper.convert(SqlExceptionHelper.java:101)
	at org.hibernate.resource.transaction.backend.jdbc.internal.DdlTransactionIsolatorNonJtaImpl.getIsolatedConnection(DdlTransactionIsolatorNonJtaImpl.java:71)
	at org.hibernate.resource.transaction.backend.jdbc.internal.DdlTransactionIsolatorNonJtaImpl.getIsolatedConnection(DdlTransactionIsolatorNonJtaImpl.java:37)
	at org.hibernate.tool.schema.internal.exec.ImprovedExtractionContextImpl.getJdbcConnection(ImprovedExtractionContextImpl.java:61)
	at org.hibernate.tool.schema.internal.exec.ImprovedExtractionContextImpl.getJdbcDatabaseMetaData(ImprovedExtractionContextImpl.java:68)
	at org.hibernate.tool.schema.extract.internal.InformationExtractorJdbcDatabaseMetaDataImpl.getJdbcDatabaseMetaData(InformationExtractorJdbcDatabaseMetaDataImpl.java:38)
	at org.hibernate.tool.schema.extract.internal.InformationExtractorJdbcDatabaseMetaDataImpl.processTableResultSet(InformationExtractorJdbcDatabaseMetaDataImpl.java:76)
	at org.hibernate.tool.schema.extract.internal.AbstractInformationExtractorImpl.getTables(AbstractInformationExtractorImpl.java:496)
	at org.hibernate.tool.schema.extract.internal.DatabaseInformationImpl.getTablesInformation(DatabaseInformationImpl.java:124)
	at org.hibernate.tool.schema.internal.GroupedSchemaMigratorImpl.performTablesMigration(GroupedSchemaMigratorImpl.java:72)
	at org.hibernate.tool.schema.internal.AbstractSchemaMigrator.performMigration(AbstractSchemaMigrator.java:220)
	at org.hibernate.tool.schema.internal.AbstractSchemaMigrator.doMigration(AbstractSchemaMigrator.java:96)
	at org.hibernate.tool.schema.spi.SchemaManagementToolCoordinator.performDatabaseAction(SchemaManagementToolCoordinator.java:269)
	at org.hibernate.tool.schema.spi.SchemaManagementToolCoordinator.lambda$process$1(SchemaManagementToolCoordinator.java:101)
	at java.base/java.util.HashMap.forEach(HashMap.java:1430)
	at org.hibernate.tool.schema.spi.SchemaManagementToolCoordinator.process(SchemaManagementToolCoordinator.java:100)
	at org.hibernate.boot.internal.SessionFactoryObserverForSchemaExport.sessionFactoryCreated(SessionFactoryObserverForSchemaExport.java:35)
	at org.hibernate.internal.SessionFactoryObserverChain.sessionFactoryCreated(SessionFactoryObserverChain.java:33)
	at org.hibernate.internal.SessionFactoryImpl.<init>(SessionFactoryImpl.java:323)
	at org.hibernate.internal.SessionFactoryRegistry.instantiateSessionFactory(SessionFactoryRegistry.java:64)
	at org.hibernate.boot.internal.SessionFactoryBuilderImpl.build(SessionFactoryBuilderImpl.java:437)
	at org.hibernate.jpa.boot.internal.EntityManagerFactoryBuilderImpl.build(EntityManagerFactoryBuilderImpl.java:1456)
	at org.springframework.orm.jpa.vendor.SpringHibernateJpaPersistenceProvider.createContainerEntityManagerFactory(SpringHibernateJpaPersistenceProvider.java:93)
	at org.springframework.orm.jpa.LocalContainerEntityManagerFactoryBean.createNativeEntityManagerFactory(LocalContainerEntityManagerFactoryBean.java:443)
	at org.springframework.orm.jpa.AbstractEntityManagerFactoryBean.buildNativeEntityManagerFactory(AbstractEntityManagerFactoryBean.java:436)
	... 45 more
Caused by: java.sql.SQLException: Access denied for user 'myuser'@'localhost' (using password: YES)
	at com.mysql.cj.jdbc.exceptions.SQLError.createSQLException(SQLError.java:121)
	at com.mysql.cj.jdbc.exceptions.SQLExceptionsMapping.translateException(SQLExceptionsMapping.java:114)
	at com.mysql.cj.jdbc.ConnectionImpl.createNewIO(ConnectionImpl.java:840)
	at com.mysql.cj.jdbc.ConnectionImpl.<init>(ConnectionImpl.java:416)
	at com.mysql.cj.jdbc.ConnectionImpl.getInstance(ConnectionImpl.java:237)
	at com.mysql.cj.jdbc.NonRegisteringDriver.connect(NonRegisteringDriver.java:180)
	at com.zaxxer.hikari.util.DriverDataSource.getConnection(DriverDataSource.java:144)
	at com.zaxxer.hikari.pool.PoolBase.newConnection(PoolBase.java:373)
	at com.zaxxer.hikari.pool.PoolBase.newPoolEntry(PoolBase.java:210)
	at com.zaxxer.hikari.pool.HikariPool.createPoolEntry(HikariPool.java:488)
	at com.zaxxer.hikari.pool.HikariPool.checkFailFast(HikariPool.java:576)
	at com.zaxxer.hikari.pool.HikariPool.<init>(HikariPool.java:97)
	at com.zaxxer.hikari.HikariDataSource.getConnection(HikariDataSource.java:111)
	at org.hibernate.engine.jdbc.connections.internal.DataSourceConnectionProvider.getConnection(DataSourceConnectionProvider.java:137)
	at org.hibernate.engine.jdbc.env.internal.JdbcEnvironmentInitiator$ConnectionProviderJdbcConnectionAccess.obtainConnection(JdbcEnvironmentInitiator.java:508)
	at org.hibernate.resource.transaction.backend.jdbc.internal.DdlTransactionIsolatorNonJtaImpl.getIsolatedConnection(DdlTransactionIsolatorNonJtaImpl.java:44)
	... 68 more
]]></error>
    <system-out><![CDATA[00:11:22.576 [main] INFO org.springframework.test.context.support.AnnotationConfigContextLoaderUtils -- Could not detect default configuration classes for test class [com.duoc.backend.BackendApplicationTests]: BackendApplicationTests does not declare any static, non-private, non-final, nested classes annotated with @Configuration.
00:11:22.718 [main] INFO org.springframework.boot.test.context.SpringBootTestContextBootstrapper -- Found @SpringBootConfiguration com.duoc.backend.BackendApplication for test class com.duoc.backend.BackendApplicationTests

  .   ____          _            __ _ _
 /\\ / ___'_ __ _ _(_)_ __  __ _ \ \ \ \
( ( )\___ | '_ | '_| | '_ \/ _` | \ \ \ \
 \\/  ___)| |_)| | | | | || (_| |  ) ) ) )
  '  |____| .__|_| |_|_| |_\__, | / / / /
 =========|_|==============|___/=/_/_/_/

 :: Spring Boot ::                (v4.0.3)

2026-03-22T00:11:23.124-03:00  INFO 13904 --- [backend] [           main] c.duoc.backend.BackendApplicationTests   : Starting BackendApplicationTests using Java 24 with PID 13904 (started by rene_ in C:\Users\rene_\Desktop\FORMATIVA 2 SEGURIDAD Y  CALIDAD EN  EL  DESARROLLO DE SOFTWARE\cdy2203-backend-2026-201-main)
2026-03-22T00:11:23.127-03:00 DEBUG 13904 --- [backend] [           main] c.duoc.backend.BackendApplicationTests   : Running with Spring Boot v4.0.3, Spring v7.0.5
2026-03-22T00:11:23.127-03:00  INFO 13904 --- [backend] [           main] c.duoc.backend.BackendApplicationTests   : No active profile set, falling back to 1 default profile: "default"
2026-03-22T00:11:23.170-03:00 TRACE 13904 --- [backend] [           main] o.s.w.c.s.GenericWebApplicationContext   : Refreshing org.springframework.web.context.support.GenericWebApplicationContext@45667d98, started on Sun Mar 22 00:11:23 GMT-03:00 2026
2026-03-22T00:11:23.729-03:00  INFO 13904 --- [backend] [           main] .s.d.r.c.RepositoryConfigurationDelegate : Bootstrapping Spring Data JPA repositories in DEFAULT mode.
2026-03-22T00:11:23.771-03:00  INFO 13904 --- [backend] [           main] .s.d.r.c.RepositoryConfigurationDelegate : Finished Spring Data repository scanning in 35 ms. Found 2 JPA repository interfaces.
2026-03-22T00:11:24.020-03:00 TRACE 13904 --- [backend] [           main] o.s.w.c.s.GenericWebApplicationContext   : No 'messageSource' bean, using [Empty MessageSource]
2026-03-22T00:11:24.021-03:00 TRACE 13904 --- [backend] [           main] o.s.w.c.s.GenericWebApplicationContext   : No 'applicationEventMulticaster' bean, using [SimpleApplicationEventMulticaster]
2026-03-22T00:11:24.066-03:00 DEBUG 13904 --- [backend] [           main] com.zaxxer.hikari.util.UtilityElf        : Class com.mysql.cj.jdbc.Driver found in Thread context class loader jdk.internal.loader.ClassLoaders$AppClassLoader@11a4022a
2026-03-22T00:11:24.170-03:00 DEBUG 13904 --- [backend] [           main] org.hibernate.orm.jpa                    : HHH008541: PersistenceUnitInfo [
	name: default
	persistence provider classname: null
	classloader: jdk.internal.loader.ClassLoaders$AppClassLoader@11a4022a
	excludeUnlistedClasses: true
	JTA datasource: null
	Non JTA datasource: HikariDataSource (null)
	Transaction type: RESOURCE_LOCAL
	PU root URL: file:/C:/Users/rene_/Desktop/FORMATIVA%202%20SEGURIDAD%20Y%20%20CALIDAD%20EN%20%20EL%20%20DESARROLLO%20DE%20SOFTWARE/cdy2203-backend-2026-201-main/target/test-classes/
	Shared Cache Mode: UNSPECIFIED
	Validation Mode: AUTO
	Jar files URLs []
	Managed classes names [
		com.duoc.backend.Patient
		com.duoc.backend.User]
	Mapping files names []
	Properties []
2026-03-22T00:11:24.184-03:00 TRACE 13904 --- [backend] [           main] org.hibernate.orm.boot                   : HHH160227: Strategy selector for TransactionCoordinatorBuilder: 'jdbc' -> org.hibernate.resource.transaction.backend.jdbc.internal.JdbcResourceLocalTransactionCoordinatorBuilderImpl
2026-03-22T00:11:24.185-03:00 TRACE 13904 --- [backend] [           main] org.hibernate.orm.boot                   : HHH160227: Strategy selector for TransactionCoordinatorBuilder: 'jta' -> org.hibernate.resource.transaction.backend.jta.internal.JtaTransactionCoordinatorBuilderImpl
2026-03-22T00:11:24.185-03:00 TRACE 13904 --- [backend] [           main] org.hibernate.orm.boot                   : HHH160227: Strategy selector for TransactionCoordinatorBuilder: 'org.hibernate.transaction.JDBCTransactionFactory' -> org.hibernate.resource.transaction.backend.jdbc.internal.JdbcResourceLocalTransactionCoordinatorBuilderImpl
2026-03-22T00:11:24.185-03:00 TRACE 13904 --- [backend] [           main] org.hibernate.orm.boot                   : HHH160227: Strategy selector for TransactionCoordinatorBuilder: 'org.hibernate.transaction.JTATransactionFactory' -> org.hibernate.resource.transaction.backend.jta.internal.JtaTransactionCoordinatorBuilderImpl
2026-03-22T00:11:24.185-03:00 TRACE 13904 --- [backend] [           main] org.hibernate.orm.boot                   : HHH160227: Strategy selector for TransactionCoordinatorBuilder: 'org.hibernate.transaction.CMTTransactionFactory' -> org.hibernate.resource.transaction.backend.jta.internal.JtaTransactionCoordinatorBuilderImpl
2026-03-22T00:11:24.186-03:00 TRACE 13904 --- [backend] [           main] org.hibernate.orm.boot                   : HHH160227: Strategy selector for SqmMultiTableInsertStrategy: 'cte' -> org.hibernate.query.sqm.mutation.internal.cte.CteInsertStrategy
2026-03-22T00:11:24.186-03:00 TRACE 13904 --- [backend] [           main] org.hibernate.orm.boot                   : HHH160227: Strategy selector for SqmMultiTableInsertStrategy: 'global_temporary' -> org.hibernate.query.sqm.mutation.internal.temptable.GlobalTemporaryTableInsertStrategy
2026-03-22T00:11:24.187-03:00 TRACE 13904 --- [backend] [           main] org.hibernate.orm.boot                   : HHH160227: Strategy selector for SqmMultiTableInsertStrategy: 'local_temporary' -> org.hibernate.query.sqm.mutation.internal.temptable.LocalTemporaryTableInsertStrategy
2026-03-22T00:11:24.188-03:00 TRACE 13904 --- [backend] [           main] org.hibernate.orm.boot                   : HHH160227: Strategy selector for SqmMultiTableInsertStrategy: 'persistent' -> org.hibernate.query.sqm.mutation.internal.temptable.PersistentTableInsertStrategy
2026-03-22T00:11:24.188-03:00 TRACE 13904 --- [backend] [           main] org.hibernate.orm.boot                   : HHH160227: Strategy selector for SqmMultiTableMutationStrategy: 'cte' -> org.hibernate.query.sqm.mutation.internal.cte.CteMutationStrategy
2026-03-22T00:11:24.189-03:00 TRACE 13904 --- [backend] [           main] org.hibernate.orm.boot                   : HHH160227: Strategy selector for SqmMultiTableMutationStrategy: 'global_temporary' -> org.hibernate.query.sqm.mutation.internal.temptable.GlobalTemporaryTableMutationStrategy
2026-03-22T00:11:24.189-03:00 TRACE 13904 --- [backend] [           main] org.hibernate.orm.boot                   : HHH160227: Strategy selector for SqmMultiTableMutationStrategy: 'local_temporary' -> org.hibernate.query.sqm.mutation.internal.temptable.LocalTemporaryTableMutationStrategy
2026-03-22T00:11:24.189-03:00 TRACE 13904 --- [backend] [           main] org.hibernate.orm.boot                   : HHH160227: Strategy selector for SqmMultiTableMutationStrategy: 'persistent' -> org.hibernate.query.sqm.mutation.internal.temptable.PersistentTableMutationStrategy
2026-03-22T00:11:24.189-03:00 TRACE 13904 --- [backend] [           main] org.hibernate.orm.boot                   : HHH160227: Strategy selector for ImplicitNamingStrategy: 'default' -> org.hibernate.boot.model.naming.ImplicitNamingStrategyJpaCompliantImpl
2026-03-22T00:11:24.191-03:00 TRACE 13904 --- [backend] [           main] org.hibernate.orm.boot                   : HHH160227: Strategy selector for ImplicitNamingStrategy: 'jpa' -> org.hibernate.boot.model.naming.ImplicitNamingStrategyJpaCompliantImpl
2026-03-22T00:11:24.191-03:00 TRACE 13904 --- [backend] [           main] org.hibernate.orm.boot                   : HHH160227: Strategy selector for ImplicitNamingStrategy: 'legacy-jpa' -> org.hibernate.boot.model.naming.ImplicitNamingStrategyLegacyJpaImpl
2026-03-22T00:11:24.191-03:00 TRACE 13904 --- [backend] [           main] org.hibernate.orm.boot                   : HHH160227: Strategy selector for ImplicitNamingStrategy: 'legacy-hbm' -> org.hibernate.boot.model.naming.ImplicitNamingStrategyLegacyHbmImpl
2026-03-22T00:11:24.192-03:00 TRACE 13904 --- [backend] [           main] org.hibernate.orm.boot                   : HHH160227: Strategy selector for ImplicitNamingStrategy: 'component-path' -> org.hibernate.boot.model.naming.ImplicitNamingStrategyComponentPathImpl
2026-03-22T00:11:24.192-03:00 TRACE 13904 --- [backend] [           main] org.hibernate.orm.boot                   : HHH160227: Strategy selector for ImplicitDatabaseObjectNamingStrategy: 'standard' -> org.hibernate.id.enhanced.StandardNamingStrategy
2026-03-22T00:11:24.193-03:00 TRACE 13904 --- [backend] [           main] org.hibernate.orm.boot                   : HHH160227: Strategy selector for ImplicitDatabaseObjectNamingStrategy: 'single' -> org.hibernate.id.enhanced.SingleNamingStrategy
2026-03-22T00:11:24.193-03:00 TRACE 13904 --- [backend] [           main] org.hibernate.orm.boot                   : HHH160227: Strategy selector for ImplicitDatabaseObjectNamingStrategy: 'legacy' -> org.hibernate.id.enhanced.LegacyNamingStrategy
2026-03-22T00:11:24.193-03:00 TRACE 13904 --- [backend] [           main] org.hibernate.orm.boot                   : HHH160227: Strategy selector for ColumnOrderingStrategy: 'default' -> org.hibernate.boot.model.relational.ColumnOrderingStrategyStandard
2026-03-22T00:11:24.194-03:00 TRACE 13904 --- [backend] [           main] org.hibernate.orm.boot                   : HHH160227: Strategy selector for ColumnOrderingStrategy: 'legacy' -> org.hibernate.boot.model.relational.ColumnOrderingStrategyLegacy
2026-03-22T00:11:24.194-03:00 TRACE 13904 --- [backend] [           main] org.hibernate.orm.boot                   : HHH160227: Strategy selector for CacheKeysFactory: 'default' -> org.hibernate.cache.internal.DefaultCacheKeysFactory
2026-03-22T00:11:24.195-03:00 TRACE 13904 --- [backend] [           main] org.hibernate.orm.boot                   : HHH160227: Strategy selector for CacheKeysFactory: 'simple' -> org.hibernate.cache.internal.SimpleCacheKeysFactory
2026-03-22T00:11:24.195-03:00 TRACE 13904 --- [backend] [           main] org.hibernate.orm.boot                   : HHH160227: Strategy selector for FormatMapper: 'jsonb' -> org.hibernate.type.format.jakartajson.JsonBJsonFormatMapper
2026-03-22T00:11:24.196-03:00 TRACE 13904 --- [backend] [           main] org.hibernate.orm.boot                   : HHH160227: Strategy selector for FormatMapper: 'jackson' -> org.hibernate.type.format.jackson.JacksonJsonFormatMapper
2026-03-22T00:11:24.196-03:00 TRACE 13904 --- [backend] [           main] org.hibernate.orm.boot                   : HHH160227: Strategy selector for FormatMapper: 'jackson-xml' -> org.hibernate.type.format.jackson.JacksonXmlFormatMapper
2026-03-22T00:11:24.197-03:00 TRACE 13904 --- [backend] [           main] org.hibernate.orm.boot                   : HHH160227: Strategy selector for FormatMapper: 'jaxb' -> org.hibernate.type.format.jaxb.JaxbXmlFormatMapper
2026-03-22T00:11:24.199-03:00 DEBUG 13904 --- [backend] [           main] org.hibernate.orm.service                : HHH010455: Adding integrator: org.hibernate.boot.beanvalidation.BeanValidationIntegrator
2026-03-22T00:11:24.201-03:00 DEBUG 13904 --- [backend] [           main] org.hibernate.orm.service                : HHH010455: Adding integrator: org.hibernate.cache.internal.CollectionCacheInvalidator
2026-03-22T00:11:24.234-03:00  INFO 13904 --- [backend] [           main] org.hibernate.orm.core                   : HHH000001: Hibernate ORM core version 7.2.4.Final
2026-03-22T00:11:24.235-03:00 DEBUG 13904 --- [backend] [           main] org.hibernate.orm.core                   : HHH000206: 'hibernate.properties' not found
2026-03-22T00:11:24.252-03:00 TRACE 13904 --- [backend] [           main] org.hibernate.orm.service                : HHH010500: Initializing service: org.hibernate.engine.config.spi.ConfigurationService
2026-03-22T00:11:24.257-03:00 TRACE 13904 --- [backend] [           main] org.hibernate.orm.service                : HHH010500: Initializing service: org.hibernate.engine.jdbc.connections.spi.MultiTenantConnectionProvider
2026-03-22T00:11:24.257-03:00 TRACE 13904 --- [backend] [           main] org.hibernate.orm.service                : HHH010500: Initializing service: org.hibernate.resource.beans.spi.ManagedBeanRegistry
2026-03-22T00:11:24.260-03:00 TRACE 13904 --- [backend] [           main] org.hibernate.orm.service                : HHH010500: Initializing service: org.hibernate.cache.spi.RegionFactory
2026-03-22T00:11:24.262-03:00 DEBUG 13904 --- [backend] [           main] org.hibernate.orm.cache                  : HHH90001031: Cannot default RegionFactory since no RegionFactory strategies were registered
2026-03-22T00:11:24.263-03:00 DEBUG 13904 --- [backend] [           main] org.hibernate.orm.cache                  : HHH90001029: Second-level cache disabled
2026-03-22T00:11:24.421-03:00 TRACE 13904 --- [backend] [           main] org.hibernate.models.annotations         : Registering AnnotationDescriptor - AnnotationDescriptor(jakarta.persistence.Access)
2026-03-22T00:11:24.421-03:00 TRACE 13904 --- [backend] [           main] org.hibernate.models.annotations         : Registering AnnotationDescriptor - AnnotationDescriptor(jakarta.persistence.AssociationOverrides)
2026-03-22T00:11:24.421-03:00 TRACE 13904 --- [backend] [           main] org.hibernate.models.annotations         : Registering AnnotationDescriptor - AnnotationDescriptor(jakarta.persistence.AssociationOverride)
2026-03-22T00:11:24.421-03:00 TRACE 13904 --- [backend] [           main] org.hibernate.models.annotations         : Registering repeatable AnnotationDescriptor - AnnotationDescriptor(jakarta.persistence.AssociationOverrides)
2026-03-22T00:11:24.421-03:00 TRACE 13904 --- [backend] [           main] org.hibernate.models.annotations         : Registering AnnotationDescriptor - AnnotationDescriptor(jakarta.persistence.AttributeOverrides)
2026-03-22T00:11:24.423-03:00 TRACE 13904 --- [backend] [           main] org.hibernate.models.annotations         : Registering AnnotationDescriptor - AnnotationDescriptor(jakarta.persistence.AttributeOverride)
2026-03-22T00:11:24.423-03:00 TRACE 13904 --- [backend] [           main] org.hibernate.models.annotations         : Registering repeatable AnnotationDescriptor - AnnotationDescriptor(jakarta.persistence.AttributeOverrides)
2026-03-22T00:11:24.423-03:00 TRACE 13904 --- [backend] [           main] org.hibernate.models.annotations         : Registering AnnotationDescriptor - AnnotationDescriptor(jakarta.persistence.Basic)
2026-03-22T00:11:24.423-03:00 TRACE 13904 --- [backend] [           main] org.hibernate.models.annotations         : Registering AnnotationDescriptor - AnnotationDescriptor(jakarta.persistence.Cacheable)
2026-03-22T00:11:24.423-03:00 TRACE 13904 --- [backend] [           main] org.hibernate.models.annotations         : Registering AnnotationDescriptor - AnnotationDescriptor(jakarta.persistence.CheckConstraint)
2026-03-22T00:11:24.423-03:00 TRACE 13904 --- [backend] [           main] org.hibernate.models.annotations         : Registering AnnotationDescriptor - AnnotationDescriptor(jakarta.persistence.CollectionTable)
2026-03-22T00:11:24.424-03:00 TRACE 13904 --- [backend] [           main] org.hibernate.models.annotations         : Registering AnnotationDescriptor - AnnotationDescriptor(jakarta.persistence.Column)
2026-03-22T00:11:24.424-03:00 TRACE 13904 --- [backend] [           main] org.hibernate.models.annotations         : Registering AnnotationDescriptor - AnnotationDescriptor(jakarta.persistence.ColumnResult)
2026-03-22T00:11:24.424-03:00 TRACE 13904 --- [backend] [           main] org.hibernate.models.annotations         : Registering AnnotationDescriptor - AnnotationDescriptor(jakarta.persistence.ConstructorResult)
2026-03-22T00:11:24.424-03:00 TRACE 13904 --- [backend] [           main] org.hibernate.models.annotations         : Registering AnnotationDescriptor - AnnotationDescriptor(jakarta.persistence.Converts)
2026-03-22T00:11:24.424-03:00 TRACE 13904 --- [backend] [           main] org.hibernate.models.annotations         : Registering AnnotationDescriptor - AnnotationDescriptor(jakarta.persistence.Convert)
2026-03-22T00:11:24.424-03:00 TRACE 13904 --- [backend] [           main] org.hibernate.models.annotations         : Registering repeatable AnnotationDescriptor - AnnotationDescriptor(jakarta.persistence.Converts)
2026-03-22T00:11:24.425-03:00 TRACE 13904 --- [backend] [           main] org.hibernate.models.annotations         : Registering AnnotationDescriptor - AnnotationDescriptor(jakarta.persistence.Converter)
2026-03-22T00:11:24.425-03:00 TRACE 13904 --- [backend] [           main] org.hibernate.models.annotations         : Registering AnnotationDescriptor - AnnotationDescriptor(jakarta.persistence.DiscriminatorColumn)
2026-03-22T00:11:24.425-03:00 TRACE 13904 --- [backend] [           main] org.hibernate.models.annotations         : Registering AnnotationDescriptor - AnnotationDescriptor(jakarta.persistence.DiscriminatorValue)
2026-03-22T00:11:24.426-03:00 TRACE 13904 --- [backend] [           main] org.hibernate.models.annotations         : Registering AnnotationDescriptor - AnnotationDescriptor(jakarta.persistence.ElementCollection)
2026-03-22T00:11:24.426-03:00 TRACE 13904 --- [backend] [           main] org.hibernate.models.annotations         : Registering AnnotationDescriptor - AnnotationDescriptor(jakarta.persistence.Embeddable)
2026-03-22T00:11:24.426-03:00 TRACE 13904 --- [backend] [           main] org.hibernate.models.annotations         : Registering AnnotationDescriptor - AnnotationDescriptor(jakarta.persistence.Embedded)
2026-03-22T00:11:24.426-03:00 TRACE 13904 --- [backend] [           main] org.hibernate.models.annotations         : Registering AnnotationDescriptor - AnnotationDescriptor(jakarta.persistence.EmbeddedId)
2026-03-22T00:11:24.426-03:00 TRACE 13904 --- [backend] [           main] org.hibernate.models.annotations         : Registering AnnotationDescriptor - AnnotationDescriptor(jakarta.persistence.Entity)
2026-03-22T00:11:24.426-03:00 TRACE 13904 --- [backend] [           main] org.hibernate.models.annotations         : Registering AnnotationDescriptor - AnnotationDescriptor(jakarta.persistence.EntityListeners)
2026-03-22T00:11:24.426-03:00 TRACE 13904 --- [backend] [           main] org.hibernate.models.annotations         : Registering AnnotationDescriptor - AnnotationDescriptor(jakarta.persistence.EntityResult)
2026-03-22T00:11:24.426-03:00 TRACE 13904 --- [backend] [           main] org.hibernate.models.annotations         : Registering AnnotationDescriptor - AnnotationDescriptor(jakarta.persistence.Enumerated)
2026-03-22T00:11:24.428-03:00 TRACE 13904 --- [backend] [           main] org.hibernate.models.annotations         : Registering AnnotationDescriptor - AnnotationDescriptor(jakarta.persistence.EnumeratedValue)
2026-03-22T00:11:24.428-03:00 TRACE 13904 --- [backend] [           main] org.hibernate.models.annotations         : Registering AnnotationDescriptor - AnnotationDescriptor(jakarta.persistence.ExcludeDefaultListeners)
2026-03-22T00:11:24.428-03:00 TRACE 13904 --- [backend] [           main] org.hibernate.models.annotations         : Registering AnnotationDescriptor - AnnotationDescriptor(jakarta.persistence.ExcludeSuperclassListeners)
2026-03-22T00:11:24.428-03:00 TRACE 13904 --- [backend] [           main] org.hibernate.models.annotations         : Registering AnnotationDescriptor - AnnotationDescriptor(jakarta.persistence.FieldResult)
2026-03-22T00:11:24.428-03:00 TRACE 13904 --- [backend] [           main] org.hibernate.models.annotations         : Registering AnnotationDescriptor - AnnotationDescriptor(jakarta.persistence.ForeignKey)
2026-03-22T00:11:24.428-03:00 TRACE 13904 --- [backend] [           main] org.hibernate.models.annotations         : Registering AnnotationDescriptor - AnnotationDescriptor(jakarta.persistence.GeneratedValue)
2026-03-22T00:11:24.428-03:00 TRACE 13904 --- [backend] [           main] org.hibernate.models.annotations         : Registering AnnotationDescriptor - AnnotationDescriptor(jakarta.persistence.Id)
2026-03-22T00:11:24.428-03:00 TRACE 13904 --- [backend] [           main] org.hibernate.models.annotations         : Registering AnnotationDescriptor - AnnotationDescriptor(jakarta.persistence.IdClass)
2026-03-22T00:11:24.429-03:00 TRACE 13904 --- [backend] [           main] org.hibernate.models.annotations         : Registering AnnotationDescriptor - AnnotationDescriptor(jakarta.persistence.Index)
2026-03-22T00:11:24.429-03:00 TRACE 13904 --- [backend] [           main] org.hibernate.models.annotations         : Registering AnnotationDescriptor - AnnotationDescriptor(jakarta.persistence.Inheritance)
2026-03-22T00:11:24.429-03:00 TRACE 13904 --- [backend] [           main] org.hibernate.models.annotations         : Registering AnnotationDescriptor - AnnotationDescriptor(jakarta.persistence.JoinColumns)
2026-03-22T00:11:24.429-03:00 TRACE 13904 --- [backend] [           main] org.hibernate.models.annotations         : Registering AnnotationDescriptor - AnnotationDescriptor(jakarta.persistence.JoinColumn)
2026-03-22T00:11:24.429-03:00 TRACE 13904 --- [backend] [           main] org.hibernate.models.annotations         : Registering repeatable AnnotationDescriptor - AnnotationDescriptor(jakarta.persistence.JoinColumns)
2026-03-22T00:11:24.429-03:00 TRACE 13904 --- [backend] [           main] org.hibernate.models.annotations         : Registering AnnotationDescriptor - AnnotationDescriptor(jakarta.persistence.JoinTable)
2026-03-22T00:11:24.429-03:00 TRACE 13904 --- [backend] [           main] org.hibernate.models.annotations         : Registering AnnotationDescriptor - AnnotationDescriptor(jakarta.persistence.Lob)
2026-03-22T00:11:24.430-03:00 TRACE 13904 --- [backend] [           main] org.hibernate.models.annotations         : Registering AnnotationDescriptor - AnnotationDescriptor(jakarta.persistence.ManyToMany)
2026-03-22T00:11:24.430-03:00 TRACE 13904 --- [backend] [           main] org.hibernate.models.annotations         : Registering AnnotationDescriptor - AnnotationDescriptor(jakarta.persistence.ManyToOne)
2026-03-22T00:11:24.430-03:00 TRACE 13904 --- [backend] [           main] org.hibernate.models.annotations         : Registering AnnotationDescriptor - AnnotationDescriptor(jakarta.persistence.MapKey)
2026-03-22T00:11:24.430-03:00 TRACE 13904 --- [backend] [           main] org.hibernate.models.annotations         : Registering AnnotationDescriptor - AnnotationDescriptor(jakarta.persistence.MapKeyClass)
2026-03-22T00:11:24.430-03:00 TRACE 13904 --- [backend] [           main] org.hibernate.models.annotations         : Registering AnnotationDescriptor - AnnotationDescriptor(jakarta.persistence.MapKeyColumn)
2026-03-22T00:11:24.430-03:00 TRACE 13904 --- [backend] [           main] org.hibernate.models.annotations         : Registering AnnotationDescriptor - AnnotationDescriptor(jakarta.persistence.MapKeyEnumerated)
2026-03-22T00:11:24.430-03:00 TRACE 13904 --- [backend] [           main] org.hibernate.models.annotations         : Registering AnnotationDescriptor - AnnotationDescriptor(jakarta.persistence.MapKeyJoinColumns)
2026-03-22T00:11:24.430-03:00 TRACE 13904 --- [backend] [           main] org.hibernate.models.annotations         : Registering AnnotationDescriptor - AnnotationDescriptor(jakarta.persistence.MapKeyJoinColumn)
2026-03-22T00:11:24.430-03:00 TRACE 13904 --- [backend] [           main] org.hibernate.models.annotations         : Registering repeatable AnnotationDescriptor - AnnotationDescriptor(jakarta.persistence.MapKeyJoinColumns)
2026-03-22T00:11:24.432-03:00 TRACE 13904 --- [backend] [           main] org.hibernate.models.annotations         : Registering AnnotationDescriptor - AnnotationDescriptor(jakarta.persistence.MapKeyTemporal)
2026-03-22T00:11:24.432-03:00 TRACE 13904 --- [backend] [           main] org.hibernate.models.annotations         : Registering AnnotationDescriptor - AnnotationDescriptor(jakarta.persistence.MappedSuperclass)
2026-03-22T00:11:24.432-03:00 TRACE 13904 --- [backend] [           main] org.hibernate.models.annotations         : Registering AnnotationDescriptor - AnnotationDescriptor(jakarta.persistence.MapsId)
2026-03-22T00:11:24.432-03:00 TRACE 13904 --- [backend] [           main] org.hibernate.models.annotations         : Registering AnnotationDescriptor - AnnotationDescriptor(jakarta.persistence.NamedAttributeNode)
2026-03-22T00:11:24.432-03:00 TRACE 13904 --- [backend] [           main] org.hibernate.models.annotations         : Registering AnnotationDescriptor - AnnotationDescriptor(jakarta.persistence.NamedEntityGraphs)
2026-03-22T00:11:24.432-03:00 TRACE 13904 --- [backend] [           main] org.hibernate.models.annotations         : Registering AnnotationDescriptor - AnnotationDescriptor(jakarta.persistence.NamedEntityGraph)
2026-03-22T00:11:24.432-03:00 TRACE 13904 --- [backend] [           main] org.hibernate.models.annotations         : Registering repeatable AnnotationDescriptor - AnnotationDescriptor(jakarta.persistence.NamedEntityGraphs)
2026-03-22T00:11:24.432-03:00 TRACE 13904 --- [backend] [           main] org.hibernate.models.annotations         : Registering AnnotationDescriptor - AnnotationDescriptor(jakarta.persistence.NamedNativeQueries)
2026-03-22T00:11:24.433-03:00 TRACE 13904 --- [backend] [           main] org.hibernate.models.annotations         : Registering AnnotationDescriptor - AnnotationDescriptor(jakarta.persistence.NamedNativeQuery)
2026-03-22T00:11:24.433-03:00 TRACE 13904 --- [backend] [           main] org.hibernate.models.annotations         : Registering repeatable AnnotationDescriptor - AnnotationDescriptor(jakarta.persistence.NamedNativeQueries)
2026-03-22T00:11:24.433-03:00 TRACE 13904 --- [backend] [           main] org.hibernate.models.annotations         : Registering AnnotationDescriptor - AnnotationDescriptor(jakarta.persistence.NamedQueries)
2026-03-22T00:11:24.433-03:00 TRACE 13904 --- [backend] [           main] org.hibernate.models.annotations         : Registering AnnotationDescriptor - AnnotationDescriptor(jakarta.persistence.NamedQuery)
2026-03-22T00:11:24.433-03:00 TRACE 13904 --- [backend] [           main] org.hibernate.models.annotations         : Registering repeatable AnnotationDescriptor - AnnotationDescriptor(jakarta.persistence.NamedQueries)
2026-03-22T00:11:24.433-03:00 TRACE 13904 --- [backend] [           main] org.hibernate.models.annotations         : Registering AnnotationDescriptor - AnnotationDescriptor(jakarta.persistence.NamedStoredProcedureQueries)
2026-03-22T00:11:24.434-03:00 TRACE 13904 --- [backend] [           main] org.hibernate.models.annotations         : Registering AnnotationDescriptor - AnnotationDescriptor(jakarta.persistence.NamedStoredProcedureQuery)
2026-03-22T00:11:24.434-03:00 TRACE 13904 --- [backend] [           main] org.hibernate.models.annotations         : Registering repeatable AnnotationDescriptor - AnnotationDescriptor(jakarta.persistence.NamedStoredProcedureQueries)
2026-03-22T00:11:24.434-03:00 TRACE 13904 --- [backend] [           main] org.hibernate.models.annotations         : Registering AnnotationDescriptor - AnnotationDescriptor(jakarta.persistence.NamedSubgraph)
2026-03-22T00:11:24.434-03:00 TRACE 13904 --- [backend] [           main] org.hibernate.models.annotations         : Registering AnnotationDescriptor - AnnotationDescriptor(jakarta.persistence.OneToMany)
2026-03-22T00:11:24.434-03:00 TRACE 13904 --- [backend] [           main] org.hibernate.models.annotations         : Registering AnnotationDescriptor - AnnotationDescriptor(jakarta.persistence.OneToOne)
2026-03-22T00:11:24.434-03:00 TRACE 13904 --- [backend] [           main] org.hibernate.models.annotations         : Registering AnnotationDescriptor - AnnotationDescriptor(jakarta.persistence.OrderBy)
2026-03-22T00:11:24.434-03:00 TRACE 13904 --- [backend] [           main] org.hibernate.models.annotations         : Registering AnnotationDescriptor - AnnotationDescriptor(jakarta.persistence.OrderColumn)
2026-03-22T00:11:24.435-03:00 TRACE 13904 --- [backend] [           main] org.hibernate.models.annotations         : Registering AnnotationDescriptor - AnnotationDescriptor(jakarta.persistence.PostLoad)
2026-03-22T00:11:24.435-03:00 TRACE 13904 --- [backend] [           main] org.hibernate.models.annotations         : Registering AnnotationDescriptor - AnnotationDescriptor(jakarta.persistence.PostPersist)
2026-03-22T00:11:24.435-03:00 TRACE 13904 --- [backend] [           main] org.hibernate.models.annotations         : Registering AnnotationDescriptor - AnnotationDescriptor(jakarta.persistence.PostRemove)
2026-03-22T00:11:24.435-03:00 TRACE 13904 --- [backend] [           main] org.hibernate.models.annotations         : Registering AnnotationDescriptor - AnnotationDescriptor(jakarta.persistence.PostUpdate)
2026-03-22T00:11:24.435-03:00 TRACE 13904 --- [backend] [           main] org.hibernate.models.annotations         : Registering AnnotationDescriptor - AnnotationDescriptor(jakarta.persistence.PrePersist)
2026-03-22T00:11:24.435-03:00 TRACE 13904 --- [backend] [           main] org.hibernate.models.annotations         : Registering AnnotationDescriptor - AnnotationDescriptor(jakarta.persistence.PreRemove)
2026-03-22T00:11:24.435-03:00 TRACE 13904 --- [backend] [           main] org.hibernate.models.annotations         : Registering AnnotationDescriptor - AnnotationDescriptor(jakarta.persistence.PreUpdate)
2026-03-22T00:11:24.435-03:00 TRACE 13904 --- [backend] [           main] org.hibernate.models.annotations         : Registering AnnotationDescriptor - AnnotationDescriptor(jakarta.persistence.PrimaryKeyJoinColumns)
2026-03-22T00:11:24.436-03:00 TRACE 13904 --- [backend] [           main] org.hibernate.models.annotations         : Registering AnnotationDescriptor - AnnotationDescriptor(jakarta.persistence.PrimaryKeyJoinColumn)
2026-03-22T00:11:24.436-03:00 TRACE 13904 --- [backend] [           main] org.hibernate.models.annotations         : Registering repeatable AnnotationDescriptor - AnnotationDescriptor(jakarta.persistence.PrimaryKeyJoinColumns)
2026-03-22T00:11:24.436-03:00 TRACE 13904 --- [backend] [           main] org.hibernate.models.annotations         : Registering AnnotationDescriptor - AnnotationDescriptor(jakarta.persistence.QueryHint)
2026-03-22T00:11:24.436-03:00 TRACE 13904 --- [backend] [           main] org.hibernate.models.annotations         : Registering AnnotationDescriptor - AnnotationDescriptor(jakarta.persistence.SecondaryTables)
2026-03-22T00:11:24.436-03:00 TRACE 13904 --- [backend] [           main] org.hibernate.models.annotations         : Registering AnnotationDescriptor - AnnotationDescriptor(jakarta.persistence.SecondaryTable)
2026-03-22T00:11:24.436-03:00 TRACE 13904 --- [backend] [           main] org.hibernate.models.annotations         : Registering repeatable AnnotationDescriptor - AnnotationDescriptor(jakarta.persistence.SecondaryTables)
2026-03-22T00:11:24.437-03:00 TRACE 13904 --- [backend] [           main] org.hibernate.models.annotations         : Registering AnnotationDescriptor - AnnotationDescriptor(jakarta.persistence.SequenceGenerators)
2026-03-22T00:11:24.437-03:00 TRACE 13904 --- [backend] [           main] org.hibernate.models.annotations         : Registering AnnotationDescriptor - AnnotationDescriptor(jakarta.persistence.SequenceGenerator)
2026-03-22T00:11:24.437-03:00 TRACE 13904 --- [backend] [           main] org.hibernate.models.annotations         : Registering repeatable AnnotationDescriptor - AnnotationDescriptor(jakarta.persistence.SequenceGenerators)
2026-03-22T00:11:24.437-03:00 TRACE 13904 --- [backend] [           main] org.hibernate.models.annotations         : Registering AnnotationDescriptor - AnnotationDescriptor(jakarta.persistence.SqlResultSetMappings)
2026-03-22T00:11:24.437-03:00 TRACE 13904 --- [backend] [           main] org.hibernate.models.annotations         : Registering AnnotationDescriptor - AnnotationDescriptor(jakarta.persistence.SqlResultSetMapping)
2026-03-22T00:11:24.437-03:00 TRACE 13904 --- [backend] [           main] org.hibernate.models.annotations         : Registering repeatable AnnotationDescriptor - AnnotationDescriptor(jakarta.persistence.SqlResultSetMappings)
2026-03-22T00:11:24.438-03:00 TRACE 13904 --- [backend] [           main] org.hibernate.models.annotations         : Registering AnnotationDescriptor - AnnotationDescriptor(jakarta.persistence.StoredProcedureParameter)
2026-03-22T00:11:24.438-03:00 TRACE 13904 --- [backend] [           main] org.hibernate.models.annotations         : Registering AnnotationDescriptor - AnnotationDescriptor(jakarta.persistence.Table)
2026-03-22T00:11:24.438-03:00 TRACE 13904 --- [backend] [           main] org.hibernate.models.annotations         : Registering AnnotationDescriptor - AnnotationDescriptor(jakarta.persistence.TableGenerators)
2026-03-22T00:11:24.438-03:00 TRACE 13904 --- [backend] [           main] org.hibernate.models.annotations         : Registering AnnotationDescriptor - AnnotationDescriptor(jakarta.persistence.TableGenerator)
2026-03-22T00:11:24.438-03:00 TRACE 13904 --- [backend] [           main] org.hibernate.models.annotations         : Registering repeatable AnnotationDescriptor - AnnotationDescriptor(jakarta.persistence.TableGenerators)
2026-03-22T00:11:24.438-03:00 TRACE 13904 --- [backend] [           main] org.hibernate.models.annotations         : Registering AnnotationDescriptor - AnnotationDescriptor(jakarta.persistence.Temporal)
2026-03-22T00:11:24.438-03:00 TRACE 13904 --- [backend] [           main] org.hibernate.models.annotations         : Registering AnnotationDescriptor - AnnotationDescriptor(jakarta.persistence.Transient)
2026-03-22T00:11:24.438-03:00 TRACE 13904 --- [backend] [           main] org.hibernate.models.annotations         : Registering AnnotationDescriptor - AnnotationDescriptor(jakarta.persistence.UniqueConstraint)
2026-03-22T00:11:24.439-03:00 TRACE 13904 --- [backend] [           main] org.hibernate.models.annotations         : Registering AnnotationDescriptor - AnnotationDescriptor(jakarta.persistence.Version)
2026-03-22T00:11:24.505-03:00 TRACE 13904 --- [backend] [           main] org.hibernate.models.annotations         : Registering AnnotationDescriptor - AnnotationDescriptor(org.hibernate.annotations.Any)
2026-03-22T00:11:24.505-03:00 TRACE 13904 --- [backend] [           main] org.hibernate.models.annotations         : Registering AnnotationDescriptor - AnnotationDescriptor(org.hibernate.annotations.AnyDiscriminator)
2026-03-22T00:11:24.505-03:00 TRACE 13904 --- [backend] [           main] org.hibernate.models.annotations         : Registering AnnotationDescriptor - AnnotationDescriptor(org.hibernate.annotations.AnyDiscriminatorImplicitValues)
2026-03-22T00:11:24.506-03:00 TRACE 13904 --- [backend] [           main] org.hibernate.models.annotations         : Registering AnnotationDescriptor - AnnotationDescriptor(org.hibernate.annotations.AnyDiscriminatorValues)
2026-03-22T00:11:24.506-03:00 TRACE 13904 --- [backend] [           main] org.hibernate.models.annotations         : Registering AnnotationDescriptor - AnnotationDescriptor(org.hibernate.annotations.AnyDiscriminatorValue)
2026-03-22T00:11:24.506-03:00 TRACE 13904 --- [backend] [           main] org.hibernate.models.annotations         : Registering repeatable AnnotationDescriptor - AnnotationDescriptor(org.hibernate.annotations.AnyDiscriminatorValues)
2026-03-22T00:11:24.506-03:00 TRACE 13904 --- [backend] [           main] org.hibernate.models.annotations         : Registering AnnotationDescriptor - AnnotationDescriptor(org.hibernate.annotations.AnyKeyJavaClass)
2026-03-22T00:11:24.506-03:00 TRACE 13904 --- [backend] [           main] org.hibernate.models.annotations         : Registering AnnotationDescriptor - AnnotationDescriptor(org.hibernate.annotations.AnyKeyJavaType)
2026-03-22T00:11:24.506-03:00 TRACE 13904 --- [backend] [           main] org.hibernate.models.annotations         : Registering AnnotationDescriptor - AnnotationDescriptor(org.hibernate.annotations.AnyKeyJdbcType)
2026-03-22T00:11:24.507-03:00 TRACE 13904 --- [backend] [           main] org.hibernate.models.annotations         : Registering AnnotationDescriptor - AnnotationDescriptor(org.hibernate.annotations.AnyKeyJdbcTypeCode)
2026-03-22T00:11:24.507-03:00 TRACE 13904 --- [backend] [           main] org.hibernate.models.annotations         : Registering AnnotationDescriptor - AnnotationDescriptor(org.hibernate.boot.internal.AnyKeyType)
2026-03-22T00:11:24.507-03:00 TRACE 13904 --- [backend] [           main] org.hibernate.models.annotations         : Registering AnnotationDescriptor - AnnotationDescriptor(org.hibernate.annotations.Array)
2026-03-22T00:11:24.507-03:00 TRACE 13904 --- [backend] [           main] org.hibernate.models.annotations         : Registering AnnotationDescriptor - AnnotationDescriptor(org.hibernate.annotations.AttributeAccessor)
2026-03-22T00:11:24.507-03:00 TRACE 13904 --- [backend] [           main] org.hibernate.models.annotations         : Registering AnnotationDescriptor - AnnotationDescriptor(org.hibernate.annotations.AttributeBinderType)
2026-03-22T00:11:24.508-03:00 TRACE 13904 --- [backend] [           main] org.hibernate.models.annotations         : Registering AnnotationDescriptor - AnnotationDescriptor(org.hibernate.annotations.Bag)
2026-03-22T00:11:24.508-03:00 TRACE 13904 --- [backend] [           main] org.hibernate.models.annotations         : Registering AnnotationDescriptor - AnnotationDescriptor(org.hibernate.annotations.BatchSize)
2026-03-22T00:11:24.508-03:00 TRACE 13904 --- [backend] [           main] org.hibernate.models.annotations         : Registering AnnotationDescriptor - AnnotationDescriptor(org.hibernate.annotations.Cache)
2026-03-22T00:11:24.508-03:00 TRACE 13904 --- [backend] [           main] org.hibernate.models.annotations         : Registering AnnotationDescriptor - AnnotationDescriptor(org.hibernate.annotations.Cascade)
2026-03-22T00:11:24.508-03:00 TRACE 13904 --- [backend] [           main] org.hibernate.models.annotations         : Registering AnnotationDescriptor - AnnotationDescriptor(org.hibernate.annotations.Checks)
2026-03-22T00:11:24.508-03:00 TRACE 13904 --- [backend] [           main] org.hibernate.models.annotations         : Registering AnnotationDescriptor - AnnotationDescriptor(org.hibernate.annotations.Check)
2026-03-22T00:11:24.508-03:00 TRACE 13904 --- [backend] [           main] org.hibernate.models.annotations         : Registering repeatable AnnotationDescriptor - AnnotationDescriptor(org.hibernate.annotations.Checks)
2026-03-22T00:11:24.508-03:00 TRACE 13904 --- [backend] [           main] org.hibernate.models.annotations         : Registering AnnotationDescriptor - AnnotationDescriptor(org.hibernate.annotations.Collate)
2026-03-22T00:11:24.509-03:00 TRACE 13904 --- [backend] [           main] org.hibernate.models.annotations         : Registering AnnotationDescriptor - AnnotationDescriptor(org.hibernate.annotations.CollectionId)
2026-03-22T00:11:24.509-03:00 TRACE 13904 --- [backend] [           main] org.hibernate.models.annotations         : Registering AnnotationDescriptor - AnnotationDescriptor(org.hibernate.annotations.CollectionIdJavaClass)
2026-03-22T00:11:24.509-03:00 TRACE 13904 --- [backend] [           main] org.hibernate.models.annotations         : Registering AnnotationDescriptor - AnnotationDescriptor(org.hibernate.annotations.CollectionIdJavaType)
2026-03-22T00:11:24.509-03:00 TRACE 13904 --- [backend] [           main] org.hibernate.models.annotations         : Registering AnnotationDescriptor - AnnotationDescriptor(org.hibernate.annotations.CollectionIdJdbcType)
2026-03-22T00:11:24.509-03:00 TRACE 13904 --- [backend] [           main] org.hibernate.models.annotations         : Registering AnnotationDescriptor - AnnotationDescriptor(org.hibernate.annotations.CollectionIdJdbcTypeCode)
2026-03-22T00:11:24.509-03:00 TRACE 13904 --- [backend] [           main] org.hibernate.models.annotations         : Registering AnnotationDescriptor - AnnotationDescriptor(org.hibernate.annotations.CollectionIdMutability)
2026-03-22T00:11:24.509-03:00 TRACE 13904 --- [backend] [           main] org.hibernate.models.annotations         : Registering AnnotationDescriptor - AnnotationDescriptor(org.hibernate.annotations.CollectionIdType)
2026-03-22T00:11:24.509-03:00 TRACE 13904 --- [backend] [           main] org.hibernate.models.annotations         : Registering AnnotationDescriptor - AnnotationDescriptor(org.hibernate.annotations.CollectionType)
2026-03-22T00:11:24.510-03:00 TRACE 13904 --- [backend] [           main] org.hibernate.models.annotations         : Registering AnnotationDescriptor - AnnotationDescriptor(org.hibernate.boot.internal.CollectionClassification)
2026-03-22T00:11:24.510-03:00 TRACE 13904 --- [backend] [           main] org.hibernate.models.annotations         : Registering AnnotationDescriptor - AnnotationDescriptor(org.hibernate.annotations.CollectionTypeRegistrations)
2026-03-22T00:11:24.510-03:00 TRACE 13904 --- [backend] [           main] org.hibernate.models.annotations         : Registering AnnotationDescriptor - AnnotationDescriptor(org.hibernate.annotations.CollectionTypeRegistration)
2026-03-22T00:11:24.510-03:00 TRACE 13904 --- [backend] [           main] org.hibernate.models.annotations         : Registering repeatable AnnotationDescriptor - AnnotationDescriptor(org.hibernate.annotations.CollectionTypeRegistrations)
2026-03-22T00:11:24.510-03:00 TRACE 13904 --- [backend] [           main] org.hibernate.models.annotations         : Registering AnnotationDescriptor - AnnotationDescriptor(org.hibernate.annotations.ColumnDefault)
2026-03-22T00:11:24.511-03:00 TRACE 13904 --- [backend] [           main] org.hibernate.models.annotations         : Registering AnnotationDescriptor - AnnotationDescriptor(org.hibernate.annotations.Columns)
2026-03-22T00:11:24.511-03:00 TRACE 13904 --- [backend] [           main] org.hibernate.models.annotations         : Registering AnnotationDescriptor - AnnotationDescriptor(org.hibernate.annotations.ColumnTransformers)
2026-03-22T00:11:24.511-03:00 TRACE 13904 --- [backend] [           main] org.hibernate.models.annotations         : Registering AnnotationDescriptor - AnnotationDescriptor(org.hibernate.annotations.ColumnTransformer)
2026-03-22T00:11:24.511-03:00 TRACE 13904 --- [backend] [           main] org.hibernate.models.annotations         : Registering repeatable AnnotationDescriptor - AnnotationDescriptor(org.hibernate.annotations.ColumnTransformers)
2026-03-22T00:11:24.511-03:00 TRACE 13904 --- [backend] [           main] org.hibernate.models.annotations         : Registering AnnotationDescriptor - AnnotationDescriptor(org.hibernate.annotations.Comments)
2026-03-22T00:11:24.511-03:00 TRACE 13904 --- [backend] [           main] org.hibernate.models.annotations         : Registering AnnotationDescriptor - AnnotationDescriptor(org.hibernate.annotations.Comment)
2026-03-22T00:11:24.512-03:00 TRACE 13904 --- [backend] [           main] org.hibernate.models.annotations         : Registering repeatable AnnotationDescriptor - AnnotationDescriptor(org.hibernate.annotations.Comments)
2026-03-22T00:11:24.512-03:00 TRACE 13904 --- [backend] [           main] org.hibernate.models.annotations         : Registering AnnotationDescriptor - AnnotationDescriptor(org.hibernate.annotations.CompositeType)
2026-03-22T00:11:24.512-03:00 TRACE 13904 --- [backend] [           main] org.hibernate.models.annotations         : Registering AnnotationDescriptor - AnnotationDescriptor(org.hibernate.annotations.CompositeTypeRegistrations)
2026-03-22T00:11:24.512-03:00 TRACE 13904 --- [backend] [           main] org.hibernate.models.annotations         : Registering AnnotationDescriptor - AnnotationDescriptor(org.hibernate.annotations.CompositeTypeRegistration)
2026-03-22T00:11:24.512-03:00 TRACE 13904 --- [backend] [           main] org.hibernate.models.annotations         : Registering repeatable AnnotationDescriptor - AnnotationDescriptor(org.hibernate.annotations.CompositeTypeRegistrations)
2026-03-22T00:11:24.512-03:00 TRACE 13904 --- [backend] [           main] org.hibernate.models.annotations         : Registering AnnotationDescriptor - AnnotationDescriptor(org.hibernate.annotations.ConcreteProxy)
2026-03-22T00:11:24.512-03:00 TRACE 13904 --- [backend] [           main] org.hibernate.models.annotations         : Registering AnnotationDescriptor - AnnotationDescriptor(org.hibernate.annotations.ConverterRegistrations)
2026-03-22T00:11:24.512-03:00 TRACE 13904 --- [backend] [           main] org.hibernate.models.annotations         : Registering AnnotationDescriptor - AnnotationDescriptor(org.hibernate.annotations.ConverterRegistration)
2026-03-22T00:11:24.512-03:00 TRACE 13904 --- [backend] [           main] org.hibernate.models.annotations         : Registering repeatable AnnotationDescriptor - AnnotationDescriptor(org.hibernate.annotations.ConverterRegistrations)
2026-03-22T00:11:24.512-03:00 TRACE 13904 --- [backend] [           main] org.hibernate.models.annotations         : Registering AnnotationDescriptor - AnnotationDescriptor(org.hibernate.annotations.CreationTimestamp)
2026-03-22T00:11:24.512-03:00 TRACE 13904 --- [backend] [           main] org.hibernate.models.annotations         : Registering AnnotationDescriptor - AnnotationDescriptor(org.hibernate.annotations.CurrentTimestamp)
2026-03-22T00:11:24.513-03:00 TRACE 13904 --- [backend] [           main] org.hibernate.models.annotations         : Registering AnnotationDescriptor - AnnotationDescriptor(org.hibernate.annotations.DiscriminatorFormula)
2026-03-22T00:11:24.513-03:00 TRACE 13904 --- [backend] [           main] org.hibernate.models.annotations         : Registering AnnotationDescriptor - AnnotationDescriptor(org.hibernate.annotations.DiscriminatorOptions)
2026-03-22T00:11:24.513-03:00 TRACE 13904 --- [backend] [           main] org.hibernate.models.annotations         : Registering AnnotationDescriptor - AnnotationDescriptor(org.hibernate.annotations.DynamicInsert)
2026-03-22T00:11:24.513-03:00 TRACE 13904 --- [backend] [           main] org.hibernate.models.annotations         : Registering AnnotationDescriptor - AnnotationDescriptor(org.hibernate.annotations.DynamicUpdate)
2026-03-22T00:11:24.513-03:00 TRACE 13904 --- [backend] [           main] org.hibernate.models.annotations         : Registering AnnotationDescriptor - AnnotationDescriptor(org.hibernate.annotations.EmbeddableInstantiator)
2026-03-22T00:11:24.513-03:00 TRACE 13904 --- [backend] [           main] org.hibernate.models.annotations         : Registering AnnotationDescriptor - AnnotationDescriptor(org.hibernate.annotations.EmbeddableInstantiatorRegistrations)
2026-03-22T00:11:24.514-03:00 TRACE 13904 --- [backend] [           main] org.hibernate.models.annotations         : Registering AnnotationDescriptor - AnnotationDescriptor(org.hibernate.annotations.EmbeddableInstantiatorRegistration)
2026-03-22T00:11:24.514-03:00 TRACE 13904 --- [backend] [           main] org.hibernate.models.annotations         : Registering repeatable AnnotationDescriptor - AnnotationDescriptor(org.hibernate.annotations.EmbeddableInstantiatorRegistrations)
2026-03-22T00:11:24.514-03:00 TRACE 13904 --- [backend] [           main] org.hibernate.models.annotations         : Registering AnnotationDescriptor - AnnotationDescriptor(org.hibernate.annotations.EmbeddedColumnNaming)
2026-03-22T00:11:24.514-03:00 TRACE 13904 --- [backend] [           main] org.hibernate.models.annotations         : Registering AnnotationDescriptor - AnnotationDescriptor(org.hibernate.annotations.EmbeddedTable)
2026-03-22T00:11:24.514-03:00 TRACE 13904 --- [backend] [           main] org.hibernate.models.annotations         : Registering AnnotationDescriptor - AnnotationDescriptor(org.hibernate.annotations.Fetch)
2026-03-22T00:11:24.514-03:00 TRACE 13904 --- [backend] [           main] org.hibernate.models.annotations         : Registering AnnotationDescriptor - AnnotationDescriptor(org.hibernate.annotations.FetchProfiles)
2026-03-22T00:11:24.515-03:00 TRACE 13904 --- [backend] [           main] org.hibernate.models.annotations         : Registering AnnotationDescriptor - AnnotationDescriptor(org.hibernate.annotations.FetchProfile)
2026-03-22T00:11:24.515-03:00 TRACE 13904 --- [backend] [           main] org.hibernate.models.annotations         : Registering repeatable AnnotationDescriptor - AnnotationDescriptor(org.hibernate.annotations.FetchProfiles)
2026-03-22T00:11:24.515-03:00 TRACE 13904 --- [backend] [           main] org.hibernate.models.annotations         : Registering AnnotationDescriptor - AnnotationDescriptor(org.hibernate.annotations.Filters)
2026-03-22T00:11:24.516-03:00 TRACE 13904 --- [backend] [           main] org.hibernate.models.annotations         : Registering AnnotationDescriptor - AnnotationDescriptor(org.hibernate.annotations.Filter)
2026-03-22T00:11:24.516-03:00 TRACE 13904 --- [backend] [           main] org.hibernate.models.annotations         : Registering repeatable AnnotationDescriptor - AnnotationDescriptor(org.hibernate.annotations.Filters)
2026-03-22T00:11:24.516-03:00 TRACE 13904 --- [backend] [           main] org.hibernate.models.annotations         : Registering AnnotationDescriptor - AnnotationDescriptor(org.hibernate.annotations.FilterDefs)
2026-03-22T00:11:24.518-03:00 TRACE 13904 --- [backend] [           main] org.hibernate.models.annotations         : Registering AnnotationDescriptor - AnnotationDescriptor(org.hibernate.annotations.FilterDef)
2026-03-22T00:11:24.518-03:00 TRACE 13904 --- [backend] [           main] org.hibernate.models.annotations         : Registering repeatable AnnotationDescriptor - AnnotationDescriptor(org.hibernate.annotations.FilterDefs)
2026-03-22T00:11:24.518-03:00 TRACE 13904 --- [backend] [           main] org.hibernate.models.annotations         : Registering AnnotationDescriptor - AnnotationDescriptor(org.hibernate.annotations.FilterJoinTables)
2026-03-22T00:11:24.518-03:00 TRACE 13904 --- [backend] [           main] org.hibernate.models.annotations         : Registering AnnotationDescriptor - AnnotationDescriptor(org.hibernate.annotations.FilterJoinTable)
2026-03-22T00:11:24.518-03:00 TRACE 13904 --- [backend] [           main] org.hibernate.models.annotations         : Registering repeatable AnnotationDescriptor - AnnotationDescriptor(org.hibernate.annotations.FilterJoinTables)
2026-03-22T00:11:24.518-03:00 TRACE 13904 --- [backend] [           main] org.hibernate.models.annotations         : Registering AnnotationDescriptor - AnnotationDescriptor(org.hibernate.annotations.Formula)
2026-03-22T00:11:24.519-03:00 TRACE 13904 --- [backend] [           main] org.hibernate.models.annotations         : Registering AnnotationDescriptor - AnnotationDescriptor(org.hibernate.annotations.FractionalSeconds)
2026-03-22T00:11:24.519-03:00 TRACE 13904 --- [backend] [           main] org.hibernate.models.annotations         : Registering AnnotationDescriptor - AnnotationDescriptor(org.hibernate.annotations.Generated)
2026-03-22T00:11:24.519-03:00 TRACE 13904 --- [backend] [           main] org.hibernate.models.annotations         : Registering AnnotationDescriptor - AnnotationDescriptor(org.hibernate.annotations.GeneratedColumn)
2026-03-22T00:11:24.519-03:00 TRACE 13904 --- [backend] [           main] org.hibernate.models.annotations         : Registering AnnotationDescriptor - AnnotationDescriptor(org.hibernate.annotations.GenericGenerators)
2026-03-22T00:11:24.519-03:00 TRACE 13904 --- [backend] [           main] org.hibernate.models.annotations         : Registering AnnotationDescriptor - AnnotationDescriptor(org.hibernate.annotations.GenericGenerator)
2026-03-22T00:11:24.519-03:00 TRACE 13904 --- [backend] [           main] org.hibernate.models.annotations         : Registering repeatable AnnotationDescriptor - AnnotationDescriptor(org.hibernate.annotations.GenericGenerators)
2026-03-22T00:11:24.519-03:00 TRACE 13904 --- [backend] [           main] org.hibernate.models.annotations         : Registering AnnotationDescriptor - AnnotationDescriptor(org.hibernate.annotations.HQLSelect)
2026-03-22T00:11:24.519-03:00 TRACE 13904 --- [backend] [           main] org.hibernate.models.annotations         : Registering AnnotationDescriptor - AnnotationDescriptor(org.hibernate.annotations.IdGeneratorType)
2026-03-22T00:11:24.520-03:00 TRACE 13904 --- [backend] [           main] org.hibernate.models.annotations         : Registering AnnotationDescriptor - AnnotationDescriptor(org.hibernate.annotations.Immutable)
2026-03-22T00:11:24.520-03:00 TRACE 13904 --- [backend] [           main] org.hibernate.models.annotations         : Registering AnnotationDescriptor - AnnotationDescriptor(org.hibernate.annotations.Imported)
2026-03-22T00:11:24.520-03:00 TRACE 13904 --- [backend] [           main] org.hibernate.models.annotations         : Registering AnnotationDescriptor - AnnotationDescriptor(org.hibernate.annotations.Instantiator)
2026-03-22T00:11:24.520-03:00 TRACE 13904 --- [backend] [           main] org.hibernate.models.annotations         : Registering AnnotationDescriptor - AnnotationDescriptor(org.hibernate.annotations.JavaType)
2026-03-22T00:11:24.520-03:00 TRACE 13904 --- [backend] [           main] org.hibernate.models.annotations         : Registering AnnotationDescriptor - AnnotationDescriptor(org.hibernate.annotations.JavaTypeRegistrations)
2026-03-22T00:11:24.521-03:00 TRACE 13904 --- [backend] [           main] org.hibernate.models.annotations         : Registering AnnotationDescriptor - AnnotationDescriptor(org.hibernate.annotations.JavaTypeRegistration)
2026-03-22T00:11:24.522-03:00 TRACE 13904 --- [backend] [           main] org.hibernate.models.annotations         : Registering repeatable AnnotationDescriptor - AnnotationDescriptor(org.hibernate.annotations.JavaTypeRegistrations)
2026-03-22T00:11:24.522-03:00 TRACE 13904 --- [backend] [           main] org.hibernate.models.annotations         : Registering AnnotationDescriptor - AnnotationDescriptor(org.hibernate.annotations.JdbcType)
2026-03-22T00:11:24.522-03:00 TRACE 13904 --- [backend] [           main] org.hibernate.models.annotations         : Registering AnnotationDescriptor - AnnotationDescriptor(org.hibernate.annotations.JdbcTypeCode)
2026-03-22T00:11:24.523-03:00 TRACE 13904 --- [backend] [           main] org.hibernate.models.annotations         : Registering AnnotationDescriptor - AnnotationDescriptor(org.hibernate.annotations.JdbcTypeRegistrations)
2026-03-22T00:11:24.523-03:00 TRACE 13904 --- [backend] [           main] org.hibernate.models.annotations         : Registering AnnotationDescriptor - AnnotationDescriptor(org.hibernate.annotations.JdbcTypeRegistration)
2026-03-22T00:11:24.523-03:00 TRACE 13904 --- [backend] [           main] org.hibernate.models.annotations         : Registering repeatable AnnotationDescriptor - AnnotationDescriptor(org.hibernate.annotations.JdbcTypeRegistrations)
2026-03-22T00:11:24.525-03:00 TRACE 13904 --- [backend] [           main] org.hibernate.models.annotations         : Registering AnnotationDescriptor - AnnotationDescriptor(org.hibernate.annotations.JoinColumnsOrFormulas)
2026-03-22T00:11:24.525-03:00 TRACE 13904 --- [backend] [           main] org.hibernate.models.annotations         : Registering AnnotationDescriptor - AnnotationDescriptor(org.hibernate.annotations.JoinColumnOrFormula)
2026-03-22T00:11:24.526-03:00 TRACE 13904 --- [backend] [           main] org.hibernate.models.annotations         : Registering repeatable AnnotationDescriptor - AnnotationDescriptor(org.hibernate.annotations.JoinColumnsOrFormulas)
2026-03-22T00:11:24.526-03:00 TRACE 13904 --- [backend] [           main] org.hibernate.models.annotations         : Registering AnnotationDescriptor - AnnotationDescriptor(org.hibernate.annotations.JoinFormula)
2026-03-22T00:11:24.526-03:00 TRACE 13904 --- [backend] [           main] org.hibernate.models.annotations         : Registering AnnotationDescriptor - AnnotationDescriptor(org.hibernate.annotations.LazyGroup)
2026-03-22T00:11:24.526-03:00 TRACE 13904 --- [backend] [           main] org.hibernate.models.annotations         : Registering AnnotationDescriptor - AnnotationDescriptor(org.hibernate.annotations.ListIndexBase)
2026-03-22T00:11:24.527-03:00 TRACE 13904 --- [backend] [           main] org.hibernate.models.annotations         : Registering AnnotationDescriptor - AnnotationDescriptor(org.hibernate.annotations.ListIndexJavaType)
2026-03-22T00:11:24.527-03:00 TRACE 13904 --- [backend] [           main] org.hibernate.models.annotations         : Registering AnnotationDescriptor - AnnotationDescriptor(org.hibernate.annotations.ListIndexJdbcType)
2026-03-22T00:11:24.527-03:00 TRACE 13904 --- [backend] [           main] org.hibernate.models.annotations         : Registering AnnotationDescriptor - AnnotationDescriptor(org.hibernate.annotations.ListIndexJdbcTypeCode)
2026-03-22T00:11:24.528-03:00 TRACE 13904 --- [backend] [           main] org.hibernate.models.annotations         : Registering AnnotationDescriptor - AnnotationDescriptor(org.hibernate.annotations.ManyToAny)
2026-03-22T00:11:24.528-03:00 TRACE 13904 --- [backend] [           main] org.hibernate.models.annotations         : Registering AnnotationDescriptor - AnnotationDescriptor(org.hibernate.annotations.MapKeyCompositeType)
2026-03-22T00:11:24.528-03:00 TRACE 13904 --- [backend] [           main] org.hibernate.models.annotations         : Registering AnnotationDescriptor - AnnotationDescriptor(org.hibernate.annotations.MapKeyJavaType)
2026-03-22T00:11:24.528-03:00 TRACE 13904 --- [backend] [           main] org.hibernate.models.annotations         : Registering AnnotationDescriptor - AnnotationDescriptor(org.hibernate.annotations.MapKeyJdbcType)
2026-03-22T00:11:24.528-03:00 TRACE 13904 --- [backend] [           main] org.hibernate.models.annotations         : Registering AnnotationDescriptor - AnnotationDescriptor(org.hibernate.annotations.MapKeyJdbcTypeCode)
2026-03-22T00:11:24.529-03:00 TRACE 13904 --- [backend] [           main] org.hibernate.models.annotations         : Registering AnnotationDescriptor - AnnotationDescriptor(org.hibernate.annotations.MapKeyMutability)
2026-03-22T00:11:24.529-03:00 TRACE 13904 --- [backend] [           main] org.hibernate.models.annotations         : Registering AnnotationDescriptor - AnnotationDescriptor(org.hibernate.annotations.MapKeyType)
2026-03-22T00:11:24.529-03:00 TRACE 13904 --- [backend] [           main] org.hibernate.models.annotations         : Registering AnnotationDescriptor - AnnotationDescriptor(org.hibernate.annotations.Mutability)
2026-03-22T00:11:24.529-03:00 TRACE 13904 --- [backend] [           main] org.hibernate.models.annotations         : Registering AnnotationDescriptor - AnnotationDescriptor(org.hibernate.annotations.NamedEntityGraphs)
2026-03-22T00:11:24.529-03:00 TRACE 13904 --- [backend] [           main] org.hibernate.models.annotations         : Registering AnnotationDescriptor - AnnotationDescriptor(org.hibernate.annotations.NamedEntityGraph)
2026-03-22T00:11:24.529-03:00 TRACE 13904 --- [backend] [           main] org.hibernate.models.annotations         : Registering repeatable AnnotationDescriptor - AnnotationDescriptor(org.hibernate.annotations.NamedEntityGraphs)
2026-03-22T00:11:24.530-03:00 TRACE 13904 --- [backend] [           main] org.hibernate.models.annotations         : Registering AnnotationDescriptor - AnnotationDescriptor(org.hibernate.annotations.NamedNativeQueries)
2026-03-22T00:11:24.530-03:00 TRACE 13904 --- [backend] [           main] org.hibernate.models.annotations         : Registering AnnotationDescriptor - AnnotationDescriptor(org.hibernate.annotations.NamedNativeQuery)
2026-03-22T00:11:24.530-03:00 TRACE 13904 --- [backend] [           main] org.hibernate.models.annotations         : Registering repeatable AnnotationDescriptor - AnnotationDescriptor(org.hibernate.annotations.NamedNativeQueries)
2026-03-22T00:11:24.530-03:00 TRACE 13904 --- [backend] [           main] org.hibernate.models.annotations         : Registering AnnotationDescriptor - AnnotationDescriptor(org.hibernate.annotations.NamedQueries)
2026-03-22T00:11:24.530-03:00 TRACE 13904 --- [backend] [           main] org.hibernate.models.annotations         : Registering AnnotationDescriptor - AnnotationDescriptor(org.hibernate.annotations.NamedQuery)
2026-03-22T00:11:24.530-03:00 TRACE 13904 --- [backend] [           main] org.hibernate.models.annotations         : Registering repeatable AnnotationDescriptor - AnnotationDescriptor(org.hibernate.annotations.NamedQueries)
2026-03-22T00:11:24.530-03:00 TRACE 13904 --- [backend] [           main] org.hibernate.models.annotations         : Registering AnnotationDescriptor - AnnotationDescriptor(org.hibernate.annotations.Nationalized)
2026-03-22T00:11:24.531-03:00 TRACE 13904 --- [backend] [           main] org.hibernate.models.annotations         : Registering AnnotationDescriptor - AnnotationDescriptor(org.hibernate.annotations.NativeGenerator)
2026-03-22T00:11:24.531-03:00 TRACE 13904 --- [backend] [           main] org.hibernate.models.annotations         : Registering AnnotationDescriptor - AnnotationDescriptor(org.hibernate.annotations.NaturalId)
2026-03-22T00:11:24.531-03:00 TRACE 13904 --- [backend] [           main] org.hibernate.models.annotations         : Registering AnnotationDescriptor - AnnotationDescriptor(org.hibernate.annotations.NaturalIdCache)
2026-03-22T00:11:24.531-03:00 TRACE 13904 --- [backend] [           main] org.hibernate.models.annotations         : Registering AnnotationDescriptor - AnnotationDescriptor(org.hibernate.annotations.NotFound)
2026-03-22T00:11:24.531-03:00 TRACE 13904 --- [backend] [           main] org.hibernate.models.annotations         : Registering AnnotationDescriptor - AnnotationDescriptor(org.hibernate.annotations.OnDelete)
2026-03-22T00:11:24.534-03:00 TRACE 13904 --- [backend] [           main] org.hibernate.models.annotations         : Registering AnnotationDescriptor - AnnotationDescriptor(org.hibernate.annotations.OptimisticLock)
2026-03-22T00:11:24.535-03:00 TRACE 13904 --- [backend] [           main] org.hibernate.models.annotations         : Registering AnnotationDescriptor - AnnotationDescriptor(org.hibernate.annotations.OptimisticLocking)
2026-03-22T00:11:24.535-03:00 TRACE 13904 --- [backend] [           main] org.hibernate.models.annotations         : Registering AnnotationDescriptor - AnnotationDescriptor(org.hibernate.annotations.ParamDef)
2026-03-22T00:11:24.537-03:00 TRACE 13904 --- [backend] [           main] org.hibernate.models.annotations         : Registering AnnotationDescriptor - AnnotationDescriptor(org.hibernate.annotations.Parameter)
2026-03-22T00:11:24.538-03:00 TRACE 13904 --- [backend] [           main] org.hibernate.models.annotations         : Registering AnnotationDescriptor - AnnotationDescriptor(org.hibernate.annotations.Parent)
2026-03-22T00:11:24.538-03:00 TRACE 13904 --- [backend] [           main] org.hibernate.models.annotations         : Registering AnnotationDescriptor - AnnotationDescriptor(org.hibernate.annotations.PartitionKey)
2026-03-22T00:11:24.539-03:00 TRACE 13904 --- [backend] [           main] org.hibernate.models.annotations         : Registering AnnotationDescriptor - AnnotationDescriptor(org.hibernate.annotations.PropertyRef)
2026-03-22T00:11:24.539-03:00 TRACE 13904 --- [backend] [           main] org.hibernate.models.annotations         : Registering AnnotationDescriptor - AnnotationDescriptor(org.hibernate.annotations.QueryCacheLayout)
2026-03-22T00:11:24.539-03:00 TRACE 13904 --- [backend] [           main] org.hibernate.models.annotations         : Registering AnnotationDescriptor - AnnotationDescriptor(org.hibernate.annotations.RowId)
2026-03-22T00:11:24.540-03:00 TRACE 13904 --- [backend] [           main] org.hibernate.models.annotations         : Registering AnnotationDescriptor - AnnotationDescriptor(org.hibernate.annotations.SecondaryRows)
2026-03-22T00:11:24.540-03:00 TRACE 13904 --- [backend] [           main] org.hibernate.models.annotations         : Registering AnnotationDescriptor - AnnotationDescriptor(org.hibernate.annotations.SecondaryRow)
[...]

   DataSourcePoolMetadataProvidersConfiguration.OracleUcpPoolDataSourceMetadataProviderConfiguration:
      Did not match:
         - @ConditionalOnClass did not find required classes 'oracle.ucp.jdbc.PoolDataSource', 'oracle.jdbc.OracleConnection' (OnClassCondition)

   DataSourcePoolMetadataProvidersConfiguration.TomcatDataSourcePoolMetadataProviderConfiguration:
      Did not match:
         - @ConditionalOnClass did not find required class 'org.apache.tomcat.jdbc.pool.DataSource' (OnClassCondition)

   DataSourcePoolMetricsAutoConfiguration:
      Did not match:
         - @ConditionalOnClass did not find required class 'io.micrometer.core.instrument.MeterRegistry' (OnClassCondition)

   DataSourceTransactionManagerAutoConfiguration.JdbcTransactionManagerConfiguration#transactionManager:
      Did not match:
         - @ConditionalOnMissingBean (types: org.springframework.transaction.TransactionManager; SearchStrategy: all) found beans of type 'org.springframework.transaction.TransactionManager' transactionManager (OnBeanCondition)

   DispatcherServletAutoConfiguration.DispatcherServletConfiguration#multipartResolver:
      Did not match:
         - @ConditionalOnBean (types: org.springframework.web.multipart.MultipartResolver; SearchStrategy: all) did not find any beans of type org.springframework.web.multipart.MultipartResolver (OnBeanCondition)

   GsonHttpMessageConvertersConfiguration:
      Did not match:
         - @ConditionalOnClass did not find required class 'com.google.gson.Gson' (OnClassCondition)

   HibernateMetricsAutoConfiguration:
      Did not match:
         - @ConditionalOnClass did not find required class 'io.micrometer.core.instrument.MeterRegistry' (OnClassCondition)

   Jackson2HttpMessageConvertersConfiguration.MappingJackson2HttpMessageConverterConfiguration:
      Did not match:
         - AnyNestedCondition 0 matched 2 did not; NestedCondition on Jackson2HttpMessageConvertersConfiguration.PreferJackson2OrJacksonUnavailableCondition.JacksonUnavailable @ConditionalOnMissingBean (types: org.springframework.boot.http.converter.autoconfigure.JacksonHttpMessageConvertersConfiguration$JacksonJsonHttpMessageConvertersCustomizer; SearchStrategy: all) found beans of type 'org.springframework.boot.http.converter.autoconfigure.JacksonHttpMessageConvertersConfiguration$JacksonJsonHttpMessageConvertersCustomizer' jacksonJsonHttpMessageConvertersCustomizer; NestedCondition on Jackson2HttpMessageConvertersConfiguration.PreferJackson2OrJacksonUnavailableCondition.Jackson2Preferred @ConditionalOnProperty (spring.http.converters.preferred-json-mapper=jackson2) did not find property 'spring.http.converters.preferred-json-mapper' (Jackson2HttpMessageConvertersConfiguration.PreferJackson2OrJacksonUnavailableCondition)
      Matched:
         - @ConditionalOnClass found required class 'com.fasterxml.jackson.databind.ObjectMapper' (OnClassCondition)

   Jackson2HttpMessageConvertersConfiguration.MappingJackson2XmlHttpMessageConverterConfiguration:
      Did not match:
         - @ConditionalOnClass did not find required class 'com.fasterxml.jackson.dataformat.xml.XmlMapper' (OnClassCondition)

   JacksonAutoConfiguration.CborConfiguration:
      Did not match:
         - @ConditionalOnClass did not find required class 'tools.jackson.dataformat.cbor.CBORMapper' (OnClassCondition)

   JacksonAutoConfiguration.XmlConfiguration:
      Did not match:
         - @ConditionalOnClass did not find required class 'tools.jackson.dataformat.xml.XmlMapper' (OnClassCondition)

   JacksonHttpMessageConvertersConfiguration.JacksonXmlHttpMessageConverterConfiguration:
      Did not match:
         - @ConditionalOnClass did not find required class 'tools.jackson.dataformat.xml.XmlMapper' (OnClassCondition)

   JmxAutoConfiguration:
      Did not match:
         - @ConditionalOnBooleanProperty (spring.jmx.enabled=true) found different value in property 'spring.jmx.enabled' (OnPropertyCondition)
      Matched:
         - @ConditionalOnClass found required class 'org.springframework.jmx.export.MBeanExporter' (OnClassCondition)

   JndiDataSourceAutoConfiguration:
      Did not match:
         - @ConditionalOnProperty (spring.datasource.jndi-name) did not find property 'spring.datasource.jndi-name' (OnPropertyCondition)
      Matched:
         - @ConditionalOnClass found required classes 'javax.sql.DataSource', 'org.springframework.jdbc.datasource.embedded.EmbeddedDatabaseType' (OnClassCondition)

   JndiJtaConfiguration:
      Did not match:
         - @ConditionalOnJndi JNDI environment is not available (OnJndiCondition)
      Matched:
         - @ConditionalOnClass found required class 'org.springframework.transaction.jta.JtaTransactionManager' (OnClassCondition)

   JsonbHttpMessageConvertersConfiguration:
      Did not match:
         - @ConditionalOnClass did not find required class 'jakarta.json.bind.Jsonb' (OnClassCondition)

   KotlinSerializationHttpMessageConvertersConfiguration:
      Did not match:
         - @ConditionalOnClass did not find required classes 'kotlinx.serialization.Serializable', 'kotlinx.serialization.json.Json' (OnClassCondition)

   ManagementWebSecurityAutoConfiguration:
      Did not match:
         - @ConditionalOnClass did not find required class 'org.springframework.boot.actuate.autoconfigure.endpoint.web.WebEndpointAutoConfiguration' (OnClassCondition)

   MessageSourceAutoConfiguration:
      Did not match:
         - ResourceBundle did not find bundle with basename messages (MessageSourceAutoConfiguration.ResourceBundleCondition)

   ProjectInfoAutoConfiguration#buildProperties:
      Did not match:
         - @ConditionalOnResource did not find resource '${spring.info.build.location:classpath:META-INF/build-info.properties}' (OnResourceCondition)

   ProjectInfoAutoConfiguration#gitProperties:
      Did not match:
         - GitResource did not find git info at classpath:git.properties (ProjectInfoAutoConfiguration.GitResourceAvailableCondition)

   RSocketSecurityAutoConfiguration:
      Did not match:
         - @ConditionalOnClass did not find required class 'org.springframework.boot.rsocket.server.RSocketServerCustomizer' (OnClassCondition)

   ReactiveManagementWebSecurityAutoConfiguration:
      Did not match:
         - @ConditionalOnClass did not find required class 'org.springframework.boot.actuate.autoconfigure.endpoint.web.WebEndpointAutoConfiguration' (OnClassCondition)

   ReactiveUserDetailsServiceAutoConfiguration:
      Did not match:
         - AnyNestedCondition 0 matched 2 did not; NestedCondition on ReactiveUserDetailsServiceAutoConfiguration.RSocketEnabledOrReactiveWebApplication.ReactiveWebApplicationCondition did not find reactive web application classes; NestedCondition on ReactiveUserDetailsServiceAutoConfiguration.RSocketEnabledOrReactiveWebApplication.RSocketSecurityEnabledCondition @ConditionalOnBean (types: org.springframework.messaging.rsocket.annotation.support.RSocketMessageHandler; SearchStrategy: all) did not find any beans of type org.springframework.messaging.rsocket.annotation.support.RSocketMessageHandler (ReactiveUserDetailsServiceAutoConfiguration.RSocketEnabledOrReactiveWebApplication)
      Matched:
         - @ConditionalOnClass found required class 'org.springframework.security.authentication.ReactiveAuthenticationManager' (OnClassCondition)
         - AnyNestedCondition 1 matched 2 did not; NestedCondition on MissingAlternativeUserDetailsManagerOrUserPropertiesConfigured.PasswordConfigured @ConditionalOnProperty (spring.security.user.password) did not find property 'spring.security.user.password'; NestedCondition on MissingAlternativeUserDetailsManagerOrUserPropertiesConfigured.NameConfigured @ConditionalOnProperty (spring.security.user.name) did not find property 'spring.security.user.name'; NestedCondition on MissingAlternativeUserDetailsManagerOrUserPropertiesConfigured.MissingAlternative @ConditionalOnMissingClass did not find unwanted classes 'org.springframework.security.oauth2.client.registration.ClientRegistrationRepository', 'org.springframework.security.oauth2.server.resource.introspection.OpaqueTokenIntrospector', 'org.springframework.security.saml2.provider.service.registration.RelyingPartyRegistrationRepository' (MissingAlternativeUserDetailsManagerOrUserPropertiesConfigured)

   ReactiveWebSecurityAutoConfiguration:
      Did not match:
         - @ConditionalOnClass did not find required class 'reactor.core.publisher.Flux' (OnClassCondition)

   SecurityAutoConfiguration.SecurityDataConfiguration:
      Did not match:
         - @ConditionalOnClass did not find required class 'org.springframework.security.data.repository.query.SecurityEvaluationContextExtension' (OnClassCondition)

   ServletHttpExchangesAutoConfiguration:
      Did not match:
         - @ConditionalOnBean did not find required type 'org.springframework.boot.actuate.web.exchanges.HttpExchangeRepository' (OnBeanCondition)

   ServletManagementContextAutoConfiguration:
      Did not match:
         - @ConditionalOnClass did not find required class 'org.springframework.boot.actuate.autoconfigure.endpoint.web.WebEndpointProperties' (OnClassCondition)

   ServletMappingsAutoConfiguration:
      Did not match:
         - @ConditionalOnClass did not find required class 'org.springframework.boot.actuate.autoconfigure.endpoint.condition.ConditionalOnAvailableEndpoint' (OnClassCondition)

   ServletWebSecurityAutoConfiguration.EnableWebSecurityConfiguration:
      Did not match:
         - @ConditionalOnMissingBean (names: springSecurityFilterChain; SearchStrategy: all) found beans named springSecurityFilterChain (OnBeanCondition)
      Matched:
         - @ConditionalOnClass found required class 'org.springframework.security.config.annotation.web.configuration.EnableWebSecurity' (OnClassCondition)

   ServletWebSecurityAutoConfiguration.SecurityFilterChainConfiguration:
      Did not match:
         - AllNestedConditions 1 matched 1 did not; NestedCondition on DefaultWebSecurityCondition.Beans @ConditionalOnMissingBean (types: org.springframework.security.web.SecurityFilterChain; SearchStrategy: all) found beans of type 'org.springframework.security.web.SecurityFilterChain' configure; NestedCondition on DefaultWebSecurityCondition.Classes @ConditionalOnClass found required classes 'org.springframework.security.web.SecurityFilterChain', 'org.springframework.security.config.annotation.web.builders.HttpSecurity' (DefaultWebSecurityCondition)

   ServletWebServerConfiguration#forwardedHeaderFilter:
      Did not match:
         - @ConditionalOnProperty (server.forward-headers-strategy=framework) did not find property 'server.forward-headers-strategy' (OnPropertyCondition)

   SpringApplicationAdminJmxAutoConfiguration:
      Did not match:
         - @ConditionalOnBooleanProperty (spring.application.admin.enabled=true) did not find property 'spring.application.admin.enabled' (OnPropertyCondition)

   TaskExecutorConfigurations.AsyncConfigurerWrapperConfiguration:
      Did not match:
         - @ConditionalOnBean (types: org.springframework.scheduling.annotation.AsyncConfigurer; SearchStrategy: all) did not find any beans of type org.springframework.scheduling.annotation.AsyncConfigurer (OnBeanCondition)

   TaskExecutorConfigurations.SimpleAsyncTaskExecutorBuilderConfiguration#simpleAsyncTaskExecutorBuilderVirtualThreads:
      Did not match:
         - @ConditionalOnMissingBean (types: org.springframework.boot.task.SimpleAsyncTaskExecutorBuilder; SearchStrategy: all) found beans of type 'org.springframework.boot.task.SimpleAsyncTaskExecutorBuilder' simpleAsyncTaskExecutorBuilder (OnBeanCondition)

   TaskExecutorConfigurations.TaskExecutorConfiguration#applicationTaskExecutorVirtualThreads:
      Did not match:
         - @ConditionalOnThreading did not find VIRTUAL (OnThreadingCondition)

   TaskSchedulingAutoConfiguration#scheduledBeanLazyInitializationExcludeFilter:
      Did not match:
         - @ConditionalOnBean (names: org.springframework.scheduling.config.internalScheduledAnnotationProcessor; SearchStrategy: all) did not find any beans named org.springframework.scheduling.config.internalScheduledAnnotationProcessor (OnBeanCondition)

   TaskSchedulingConfigurations.SimpleAsyncTaskSchedulerBuilderConfiguration#simpleAsyncTaskSchedulerBuilderVirtualThreads:
      Did not match:
         - @ConditionalOnMissingBean (types: org.springframework.boot.task.SimpleAsyncTaskSchedulerBuilder; SearchStrategy: all) found beans of type 'org.springframework.boot.task.SimpleAsyncTaskSchedulerBuilder' simpleAsyncTaskSchedulerBuilder (OnBeanCondition)

   TaskSchedulingConfigurations.TaskSchedulerConfiguration:
      Did not match:
         - @ConditionalOnBean (names: org.springframework.scheduling.config.internalScheduledAnnotationProcessor; SearchStrategy: all) did not find any beans named org.springframework.scheduling.config.internalScheduledAnnotationProcessor (OnBeanCondition)

   TomcatMetricsAutoConfiguration:
      Did not match:
         - @ConditionalOnClass did not find required class 'io.micrometer.core.instrument.binder.tomcat.TomcatMetrics' (OnClassCondition)

   TomcatReactiveManagementContextAutoConfiguration:
      Did not match:
         - @ConditionalOnClass did not find required class 'org.springframework.boot.actuate.autoconfigure.web.server.ManagementContextFactory' (OnClassCondition)

   TomcatReactiveWebServerAutoConfiguration:
      Did not match:
         - @ConditionalOnWebApplication did not find reactive web application classes (OnWebApplicationCondition)

   TomcatServletManagementContextAutoConfiguration:
      Did not match:
         - @ConditionalOnClass did not find required class 'org.springframework.boot.actuate.autoconfigure.web.server.ManagementContextFactory' (OnClassCondition)

   TomcatServletWebServerAutoConfiguration#tomcatForwardedHeaderFilterCustomizer:
      Did not match:
         - @ConditionalOnProperty (server.forward-headers-strategy=framework) did not find property 'server.forward-headers-strategy' (OnPropertyCondition)

   TomcatWebServerConfiguration:
      Did not match:
         - Application is deployed as a WAR file. (OnWarDeploymentCondition)

   TransactionAutoConfiguration#transactionalOperator:
      Did not match:
         - @ConditionalOnSingleCandidate (types: org.springframework.transaction.ReactiveTransactionManager; SearchStrategy: all) did not find any beans (OnBeanCondition)

   TransactionAutoConfiguration.AspectJTransactionManagementConfiguration:
      Did not match:
         - @ConditionalOnBean (types: org.springframework.transaction.aspectj.AbstractTransactionAspect; SearchStrategy: all) did not find any beans of type org.springframework.transaction.aspectj.AbstractTransactionAspect (OnBeanCondition)

   TransactionAutoConfiguration.EnableTransactionManagementConfiguration.JdkDynamicAutoProxyConfiguration:
      Did not match:
         - @ConditionalOnBooleanProperty (spring.aop.proxy-target-class=false) did not find property 'spring.aop.proxy-target-class' (OnPropertyCondition)

   UserDetailsServiceAutoConfiguration:
      Did not match:
         - @ConditionalOnMissingBean (types: org.springframework.security.authentication.AuthenticationManager,org.springframework.security.authentication.AuthenticationProvider,org.springframework.security.core.userdetails.UserDetailsService,org.springframework.security.authentication.AuthenticationManagerResolver,org.springframework.security.oauth2.jwt.JwtDecoder; SearchStrategy: all) found beans of type 'org.springframework.security.core.userdetails.UserDetailsService' myUserDetailsService (OnBeanCondition)
      Matched:
         - @ConditionalOnClass found required class 'org.springframework.security.authentication.AuthenticationManager' (OnClassCondition)
         - found 'session' scope (OnWebApplicationCondition)
         - AnyNestedCondition 1 matched 2 did not; NestedCondition on MissingAlternativeUserDetailsManagerOrUserPropertiesConfigured.PasswordConfigured @ConditionalOnProperty (spring.security.user.password) did not find property 'spring.security.user.password'; NestedCondition on MissingAlternativeUserDetailsManagerOrUserPropertiesConfigured.NameConfigured @ConditionalOnProperty (spring.security.user.name) did not find property 'spring.security.user.name'; NestedCondition on MissingAlternativeUserDetailsManagerOrUserPropertiesConfigured.MissingAlternative @ConditionalOnMissingClass did not find unwanted classes 'org.springframework.security.oauth2.client.registration.ClientRegistrationRepository', 'org.springframework.security.oauth2.server.resource.introspection.OpaqueTokenIntrospector', 'org.springframework.security.saml2.provider.service.registration.RelyingPartyRegistrationRepository' (MissingAlternativeUserDetailsManagerOrUserPropertiesConfigured)

   WebMvcAutoConfiguration#hiddenHttpMethodFilter:
      Did not match:
         - @ConditionalOnBooleanProperty (spring.mvc.hiddenmethod.filter.enabled=true) did not find property 'spring.mvc.hiddenmethod.filter.enabled' (OnPropertyCondition)

   WebMvcAutoConfiguration.ProblemDetailsErrorHandlingConfiguration:
      Did not match:
         - @ConditionalOnBooleanProperty (spring.mvc.problemdetails.enabled=true) did not find property 'spring.mvc.problemdetails.enabled' (OnPropertyCondition)

   WebMvcAutoConfiguration.ResourceChainCustomizerConfiguration:
      Did not match:
         - @ConditionalOnEnabledResourceChain did not find class org.webjars.WebJarVersionLocator (OnEnabledResourceChainCondition)

   WebMvcAutoConfiguration.WebMvcAutoConfigurationAdapter#beanNameViewResolver:
      Did not match:
         - @ConditionalOnMissingBean (types: org.springframework.web.servlet.view.BeanNameViewResolver; SearchStrategy: all) found beans of type 'org.springframework.web.servlet.view.BeanNameViewResolver' beanNameViewResolver (OnBeanCondition)

   WebMvcHealthEndpointExtensionAutoConfiguration:
      Did not match:
         - @ConditionalOnClass did not find required class 'org.springframework.boot.health.actuate.endpoint.HealthEndpoint' (OnClassCondition)

   WebMvcMappingsAutoConfiguration:
      Did not match:
         - @ConditionalOnClass did not find required class 'org.springframework.boot.actuate.autoconfigure.endpoint.condition.ConditionalOnAvailableEndpoint' (OnClassCondition)

   WebMvcObservationAutoConfiguration:
      Did not match:
         - @ConditionalOnClass did not find required class 'org.springframework.boot.micrometer.observation.autoconfigure.ObservationProperties' (OnClassCondition)

   XADataSourceAutoConfiguration:
      Did not match:
         - @ConditionalOnBean (types: org.springframework.boot.jdbc.XADataSourceWrapper; SearchStrategy: all) did not find any beans of type org.springframework.boot.jdbc.XADataSourceWrapper (OnBeanCondition)
      Matched:
         - @ConditionalOnClass found required classes 'javax.sql.DataSource', 'jakarta.transaction.TransactionManager', 'org.springframework.jdbc.datasource.embedded.EmbeddedDatabaseType' (OnClassCondition)


Exclusions:
-----------

    None


Unconditional classes:
----------------------

    org.springframework.boot.autoconfigure.context.ConfigurationPropertiesAutoConfiguration

    org.springframework.boot.autoconfigure.ssl.SslAutoConfiguration

    org.springframework.boot.autoconfigure.context.LifecycleAutoConfiguration

    org.springframework.boot.autoconfigure.context.PropertyPlaceholderAutoConfiguration

    org.springframework.boot.autoconfigure.availability.ApplicationAvailabilityAutoConfiguration

    org.springframework.boot.autoconfigure.info.ProjectInfoAutoConfiguration



]]></system-err>
  </testcase>
</testsuite>